#! /c/Source/iverilog-install/bin/vvp
:ivl_version "12.0 (devel)" "(s20150603-1110-g18392a46)";
:ivl_delay_selection "TYPICAL";
:vpi_time_precision + 0;
:vpi_module "D:\iverilog\lib\ivl\system.vpi";
:vpi_module "D:\iverilog\lib\ivl\vhdl_sys.vpi";
:vpi_module "D:\iverilog\lib\ivl\vhdl_textio.vpi";
:vpi_module "D:\iverilog\lib\ivl\v2005_math.vpi";
:vpi_module "D:\iverilog\lib\ivl\va_math.vpi";
S_00000214980b6890 .scope module, "Control_Unit206" "Control_Unit206" 2 1;
 .timescale 0 0;
    .port_info 0 /INPUT 32 "Instruction";
    .port_info 1 /INPUT 1 "clk";
    .port_info 2 /OUTPUT 1 "Branch";
    .port_info 3 /OUTPUT 1 "Jump";
    .port_info 4 /OUTPUT 1 "RegDst";
    .port_info 5 /OUTPUT 1 "ALUSrc";
    .port_info 6 /OUTPUT 5 "ALUCtr";
    .port_info 7 /OUTPUT 1 "MemToReg";
    .port_info 8 /OUTPUT 1 "RegWr";
    .port_info 9 /OUTPUT 1 "MemWr";
    .port_info 10 /OUTPUT 2 "ExtOp";
    .port_info 11 /OUTPUT 1 "Rtype";
v00000214980b7210_0 .var "ALUCtr", 4 0;
v0000021498104940_0 .var "ALUSrc", 0 0;
v00000214981049e0_0 .var "Branch", 0 0;
v0000021498104a80_0 .var "ExtOp", 1 0;
o0000021498133088 .functor BUFZ 32, C4<zzzzzzzzzzzzzzzzzzzzzzzzzzzzzzzz>; HiZ drive
v0000021498104b20_0 .net "Instruction", 31 0, o0000021498133088;  0 drivers
v00000214980b6a20_0 .var "Jump", 0 0;
v00000214980b6ac0_0 .var "MemToReg", 0 0;
v00000214980b6b60_0 .var "MemWr", 0 0;
v00000214980b6c00_0 .net "OP", 5 0, L_0000021498188930;  1 drivers
v00000214980b6ca0_0 .var "RegDst", 0 0;
v0000021498188020_0 .var "RegWr", 0 0;
v00000214981880c0_0 .var "Rtype", 0 0;
o0000021498133208 .functor BUFZ 1, C4<z>; HiZ drive
v0000021498188610_0 .net "clk", 0 0, o0000021498133208;  0 drivers
v0000021498188570_0 .net "func", 5 0, L_00000214981890b0;  1 drivers
E_0000021498130b00 .event anyedge, v00000214980b6c00_0, v0000021498188570_0;
L_0000021498188930 .part o0000021498133088, 26, 6;
L_00000214981890b0 .part o0000021498133088, 0, 6;
    .scope S_00000214980b6890;
T_0 ;
    %wait E_0000021498130b00;
    %load/vec4 v00000214980b6c00_0;
    %cmpi/e 0, 0, 6;
    %jmp/0xz  T_0.0, 4;
    %load/vec4 v0000021498188570_0;
    %dup/vec4;
    %pushi/vec4 32, 0, 6;
    %cmp/u;
    %jmp/1 T_0.2, 6;
    %dup/vec4;
    %pushi/vec4 33, 0, 6;
    %cmp/u;
    %jmp/1 T_0.3, 6;
    %dup/vec4;
    %pushi/vec4 34, 0, 6;
    %cmp/u;
    %jmp/1 T_0.4, 6;
    %dup/vec4;
    %pushi/vec4 35, 0, 6;
    %cmp/u;
    %jmp/1 T_0.5, 6;
    %dup/vec4;
    %pushi/vec4 36, 0, 6;
    %cmp/u;
    %jmp/1 T_0.6, 6;
    %dup/vec4;
    %pushi/vec4 37, 0, 6;
    %cmp/u;
    %jmp/1 T_0.7, 6;
    %dup/vec4;
    %pushi/vec4 39, 0, 6;
    %cmp/u;
    %jmp/1 T_0.8, 6;
    %dup/vec4;
    %pushi/vec4 38, 0, 6;
    %cmp/u;
    %jmp/1 T_0.9, 6;
    %dup/vec4;
    %pushi/vec4 42, 0, 6;
    %cmp/u;
    %jmp/1 T_0.10, 6;
    %dup/vec4;
    %pushi/vec4 43, 0, 6;
    %cmp/u;
    %jmp/1 T_0.11, 6;
    %dup/vec4;
    %pushi/vec4 0, 0, 6;
    %cmp/u;
    %jmp/1 T_0.12, 6;
    %dup/vec4;
    %pushi/vec4 2, 0, 6;
    %cmp/u;
    %jmp/1 T_0.13, 6;
    %dup/vec4;
    %pushi/vec4 3, 0, 6;
    %cmp/u;
    %jmp/1 T_0.14, 6;
    %dup/vec4;
    %pushi/vec4 4, 0, 6;
    %cmp/u;
    %jmp/1 T_0.15, 6;
    %dup/vec4;
    %pushi/vec4 6, 0, 6;
    %cmp/u;
    %jmp/1 T_0.16, 6;
    %dup/vec4;
    %pushi/vec4 7, 0, 6;
    %cmp/u;
    %jmp/1 T_0.17, 6;
    %jmp T_0.18;
T_0.2 ;
    %pushi/vec4 0, 0, 1;
    %store/vec4 v00000214981049e0_0, 0, 1;
    %pushi/vec4 0, 0, 1;
    %store/vec4 v00000214980b6a20_0, 0, 1;
    %pushi/vec4 1, 0, 1;
    %store/vec4 v00000214980b6ca0_0, 0, 1;
    %pushi/vec4 0, 0, 1;
    %store/vec4 v0000021498104940_0, 0, 1;
    %pushi/vec4 0, 0, 5;
    %store/vec4 v00000214980b7210_0, 0, 5;
    %pushi/vec4 0, 0, 1;
    %store/vec4 v00000214980b6ac0_0, 0, 1;
    %pushi/vec4 1, 0, 1;
    %store/vec4 v0000021498188020_0, 0, 1;
    %pushi/vec4 0, 0, 1;
    %store/vec4 v00000214980b6b60_0, 0, 1;
    %pushi/vec4 1, 1, 2;
    %store/vec4 v0000021498104a80_0, 0, 2;
    %pushi/vec4 1, 0, 1;
    %store/vec4 v00000214981880c0_0, 0, 1;
    %jmp T_0.18;
T_0.3 ;
    %pushi/vec4 0, 0, 1;
    %store/vec4 v00000214981049e0_0, 0, 1;
    %pushi/vec4 0, 0, 1;
    %store/vec4 v00000214980b6a20_0, 0, 1;
    %pushi/vec4 1, 0, 1;
    %store/vec4 v00000214980b6ca0_0, 0, 1;
    %pushi/vec4 0, 0, 1;
    %store/vec4 v0000021498104940_0, 0, 1;
    %pushi/vec4 1, 0, 5;
    %store/vec4 v00000214980b7210_0, 0, 5;
    %pushi/vec4 0, 0, 1;
    %store/vec4 v00000214980b6ac0_0, 0, 1;
    %pushi/vec4 1, 0, 1;
    %store/vec4 v0000021498188020_0, 0, 1;
    %pushi/vec4 0, 0, 1;
    %store/vec4 v00000214980b6b60_0, 0, 1;
    %pushi/vec4 1, 1, 2;
    %store/vec4 v0000021498104a80_0, 0, 2;
    %pushi/vec4 1, 0, 1;
    %store/vec4 v00000214981880c0_0, 0, 1;
    %jmp T_0.18;
T_0.4 ;
    %pushi/vec4 0, 0, 1;
    %store/vec4 v00000214981049e0_0, 0, 1;
    %pushi/vec4 0, 0, 1;
    %store/vec4 v00000214980b6a20_0, 0, 1;
    %pushi/vec4 1, 0, 1;
    %store/vec4 v00000214980b6ca0_0, 0, 1;
    %pushi/vec4 0, 0, 1;
    %store/vec4 v0000021498104940_0, 0, 1;
    %pushi/vec4 2, 0, 5;
    %store/vec4 v00000214980b7210_0, 0, 5;
    %pushi/vec4 0, 0, 1;
    %store/vec4 v00000214980b6ac0_0, 0, 1;
    %pushi/vec4 1, 0, 1;
    %store/vec4 v0000021498188020_0, 0, 1;
    %pushi/vec4 0, 0, 1;
    %store/vec4 v00000214980b6b60_0, 0, 1;
    %pushi/vec4 1, 1, 2;
    %store/vec4 v0000021498104a80_0, 0, 2;
    %pushi/vec4 1, 0, 1;
    %store/vec4 v00000214981880c0_0, 0, 1;
    %jmp T_0.18;
T_0.5 ;
    %pushi/vec4 0, 0, 1;
    %store/vec4 v00000214981049e0_0, 0, 1;
    %pushi/vec4 0, 0, 1;
    %store/vec4 v00000214980b6a20_0, 0, 1;
    %pushi/vec4 1, 0, 1;
    %store/vec4 v00000214980b6ca0_0, 0, 1;
    %pushi/vec4 0, 0, 1;
    %store/vec4 v0000021498104940_0, 0, 1;
    %pushi/vec4 3, 0, 5;
    %store/vec4 v00000214980b7210_0, 0, 5;
    %pushi/vec4 0, 0, 1;
    %store/vec4 v00000214980b6ac0_0, 0, 1;
    %pushi/vec4 1, 0, 1;
    %store/vec4 v0000021498188020_0, 0, 1;
    %pushi/vec4 0, 0, 1;
    %store/vec4 v00000214980b6b60_0, 0, 1;
    %pushi/vec4 1, 1, 2;
    %store/vec4 v0000021498104a80_0, 0, 2;
    %pushi/vec4 1, 0, 1;
    %store/vec4 v00000214981880c0_0, 0, 1;
    %jmp T_0.18;
T_0.6 ;
    %pushi/vec4 0, 0, 1;
    %store/vec4 v00000214981049e0_0, 0, 1;
    %pushi/vec4 0, 0, 1;
    %store/vec4 v00000214980b6a20_0, 0, 1;
    %pushi/vec4 1, 0, 1;
    %store/vec4 v00000214980b6ca0_0, 0, 1;
    %pushi/vec4 0, 0, 1;
    %store/vec4 v0000021498104940_0, 0, 1;
    %pushi/vec4 4, 0, 5;
    %store/vec4 v00000214980b7210_0, 0, 5;
    %pushi/vec4 0, 0, 1;
    %store/vec4 v00000214980b6ac0_0, 0, 1;
    %pushi/vec4 1, 0, 1;
    %store/vec4 v0000021498188020_0, 0, 1;
    %pushi/vec4 0, 0, 1;
    %store/vec4 v00000214980b6b60_0, 0, 1;
    %pushi/vec4 1, 1, 2;
    %store/vec4 v0000021498104a80_0, 0, 2;
    %pushi/vec4 1, 0, 1;
    %store/vec4 v00000214981880c0_0, 0, 1;
    %jmp T_0.18;
T_0.7 ;
    %pushi/vec4 0, 0, 1;
    %store/vec4 v00000214981049e0_0, 0, 1;
    %pushi/vec4 0, 0, 1;
    %store/vec4 v00000214980b6a20_0, 0, 1;
    %pushi/vec4 1, 0, 1;
    %store/vec4 v00000214980b6ca0_0, 0, 1;
    %pushi/vec4 0, 0, 1;
    %store/vec4 v0000021498104940_0, 0, 1;
    %pushi/vec4 5, 0, 5;
    %store/vec4 v00000214980b7210_0, 0, 5;
    %pushi/vec4 0, 0, 1;
    %store/vec4 v00000214980b6ac0_0, 0, 1;
    %pushi/vec4 1, 0, 1;
    %store/vec4 v0000021498188020_0, 0, 1;
    %pushi/vec4 0, 0, 1;
    %store/vec4 v00000214980b6b60_0, 0, 1;
    %pushi/vec4 1, 1, 2;
    %store/vec4 v0000021498104a80_0, 0, 2;
    %pushi/vec4 1, 0, 1;
    %store/vec4 v00000214981880c0_0, 0, 1;
    %jmp T_0.18;
T_0.8 ;
    %pushi/vec4 0, 0, 1;
    %store/vec4 v00000214981049e0_0, 0, 1;
    %pushi/vec4 0, 0, 1;
    %store/vec4 v00000214980b6a20_0, 0, 1;
    %pushi/vec4 1, 0, 1;
    %store/vec4 v00000214980b6ca0_0, 0, 1;
    %pushi/vec4 0, 0, 1;
    %store/vec4 v0000021498104940_0, 0, 1;
    %pushi/vec4 14, 0, 5;
    %store/vec4 v00000214980b7210_0, 0, 5;
    %pushi/vec4 0, 0, 1;
    %store/vec4 v00000214980b6ac0_0, 0, 1;
    %pushi/vec4 1, 0, 1;
    %store/vec4 v0000021498188020_0, 0, 1;
    %pushi/vec4 0, 0, 1;
    %store/vec4 v00000214980b6b60_0, 0, 1;
    %pushi/vec4 1, 1, 2;
    %store/vec4 v0000021498104a80_0, 0, 2;
    %pushi/vec4 1, 0, 1;
    %store/vec4 v00000214981880c0_0, 0, 1;
    %jmp T_0.18;
T_0.9 ;
    %pushi/vec4 0, 0, 1;
    %store/vec4 v00000214981049e0_0, 0, 1;
    %pushi/vec4 0, 0, 1;
    %store/vec4 v00000214980b6a20_0, 0, 1;
    %pushi/vec4 1, 0, 1;
    %store/vec4 v00000214980b6ca0_0, 0, 1;
    %pushi/vec4 0, 0, 1;
    %store/vec4 v0000021498104940_0, 0, 1;
    %pushi/vec4 6, 0, 5;
    %store/vec4 v00000214980b7210_0, 0, 5;
    %pushi/vec4 0, 0, 1;
    %store/vec4 v00000214980b6ac0_0, 0, 1;
    %pushi/vec4 1, 0, 1;
    %store/vec4 v0000021498188020_0, 0, 1;
    %pushi/vec4 0, 0, 1;
    %store/vec4 v00000214980b6b60_0, 0, 1;
    %pushi/vec4 1, 1, 2;
    %store/vec4 v0000021498104a80_0, 0, 2;
    %pushi/vec4 1, 0, 1;
    %store/vec4 v00000214981880c0_0, 0, 1;
    %jmp T_0.18;
T_0.10 ;
    %pushi/vec4 0, 0, 1;
    %store/vec4 v00000214981049e0_0, 0, 1;
    %pushi/vec4 0, 0, 1;
    %store/vec4 v00000214980b6a20_0, 0, 1;
    %pushi/vec4 1, 0, 1;
    %store/vec4 v00000214980b6ca0_0, 0, 1;
    %pushi/vec4 0, 0, 1;
    %store/vec4 v0000021498104940_0, 0, 1;
    %pushi/vec4 12, 0, 5;
    %store/vec4 v00000214980b7210_0, 0, 5;
    %pushi/vec4 0, 0, 1;
    %store/vec4 v00000214980b6ac0_0, 0, 1;
    %pushi/vec4 1, 0, 1;
    %store/vec4 v0000021498188020_0, 0, 1;
    %pushi/vec4 0, 0, 1;
    %store/vec4 v00000214980b6b60_0, 0, 1;
    %pushi/vec4 1, 1, 2;
    %store/vec4 v0000021498104a80_0, 0, 2;
    %pushi/vec4 1, 0, 1;
    %store/vec4 v00000214981880c0_0, 0, 1;
    %jmp T_0.18;
T_0.11 ;
    %pushi/vec4 0, 0, 1;
    %store/vec4 v00000214981049e0_0, 0, 1;
    %pushi/vec4 0, 0, 1;
    %store/vec4 v00000214980b6a20_0, 0, 1;
    %pushi/vec4 1, 0, 1;
    %store/vec4 v00000214980b6ca0_0, 0, 1;
    %pushi/vec4 0, 0, 1;
    %store/vec4 v0000021498104940_0, 0, 1;
    %pushi/vec4 13, 0, 5;
    %store/vec4 v00000214980b7210_0, 0, 5;
    %pushi/vec4 0, 0, 1;
    %store/vec4 v00000214980b6ac0_0, 0, 1;
    %pushi/vec4 1, 0, 1;
    %store/vec4 v0000021498188020_0, 0, 1;
    %pushi/vec4 0, 0, 1;
    %store/vec4 v00000214980b6b60_0, 0, 1;
    %pushi/vec4 1, 1, 2;
    %store/vec4 v0000021498104a80_0, 0, 2;
    %pushi/vec4 1, 0, 1;
    %store/vec4 v00000214981880c0_0, 0, 1;
    %jmp T_0.18;
T_0.12 ;
    %pushi/vec4 0, 0, 1;
    %store/vec4 v00000214981049e0_0, 0, 1;
    %pushi/vec4 0, 0, 1;
    %store/vec4 v00000214980b6a20_0, 0, 1;
    %pushi/vec4 1, 0, 1;
    %store/vec4 v00000214980b6ca0_0, 0, 1;
    %pushi/vec4 0, 0, 1;
    %store/vec4 v0000021498104940_0, 0, 1;
    %pushi/vec4 8, 0, 5;
    %store/vec4 v00000214980b7210_0, 0, 5;
    %pushi/vec4 0, 0, 1;
    %store/vec4 v00000214980b6ac0_0, 0, 1;
    %pushi/vec4 1, 0, 1;
    %store/vec4 v0000021498188020_0, 0, 1;
    %pushi/vec4 0, 0, 1;
    %store/vec4 v00000214980b6b60_0, 0, 1;
    %pushi/vec4 1, 1, 2;
    %store/vec4 v0000021498104a80_0, 0, 2;
    %pushi/vec4 1, 0, 1;
    %store/vec4 v00000214981880c0_0, 0, 1;
    %jmp T_0.18;
T_0.13 ;
    %pushi/vec4 0, 0, 1;
    %store/vec4 v00000214981049e0_0, 0, 1;
    %pushi/vec4 0, 0, 1;
    %store/vec4 v00000214980b6a20_0, 0, 1;
    %pushi/vec4 1, 0, 1;
    %store/vec4 v00000214980b6ca0_0, 0, 1;
    %pushi/vec4 0, 0, 1;
    %store/vec4 v0000021498104940_0, 0, 1;
    %pushi/vec4 9, 0, 5;
    %store/vec4 v00000214980b7210_0, 0, 5;
    %pushi/vec4 0, 0, 1;
    %store/vec4 v00000214980b6ac0_0, 0, 1;
    %pushi/vec4 1, 0, 1;
    %store/vec4 v0000021498188020_0, 0, 1;
    %pushi/vec4 0, 0, 1;
    %store/vec4 v00000214980b6b60_0, 0, 1;
    %pushi/vec4 1, 1, 2;
    %store/vec4 v0000021498104a80_0, 0, 2;
    %pushi/vec4 1, 0, 1;
    %store/vec4 v00000214981880c0_0, 0, 1;
    %jmp T_0.18;
T_0.14 ;
    %pushi/vec4 0, 0, 1;
    %store/vec4 v00000214981049e0_0, 0, 1;
    %pushi/vec4 0, 0, 1;
    %store/vec4 v00000214980b6a20_0, 0, 1;
    %pushi/vec4 1, 0, 1;
    %store/vec4 v00000214980b6ca0_0, 0, 1;
    %pushi/vec4 0, 0, 1;
    %store/vec4 v0000021498104940_0, 0, 1;
    %pushi/vec4 11, 0, 5;
    %store/vec4 v00000214980b7210_0, 0, 5;
    %pushi/vec4 0, 0, 1;
    %store/vec4 v00000214980b6ac0_0, 0, 1;
    %pushi/vec4 1, 0, 1;
    %store/vec4 v0000021498188020_0, 0, 1;
    %pushi/vec4 0, 0, 1;
    %store/vec4 v00000214980b6b60_0, 0, 1;
    %pushi/vec4 1, 1, 2;
    %store/vec4 v0000021498104a80_0, 0, 2;
    %pushi/vec4 1, 0, 1;
    %store/vec4 v00000214981880c0_0, 0, 1;
    %jmp T_0.18;
T_0.15 ;
    %pushi/vec4 0, 0, 1;
    %store/vec4 v00000214981049e0_0, 0, 1;
    %pushi/vec4 0, 0, 1;
    %store/vec4 v00000214980b6a20_0, 0, 1;
    %pushi/vec4 1, 0, 1;
    %store/vec4 v00000214980b6ca0_0, 0, 1;
    %pushi/vec4 0, 0, 1;
    %store/vec4 v0000021498104940_0, 0, 1;
    %pushi/vec4 15, 0, 5;
    %store/vec4 v00000214980b7210_0, 0, 5;
    %pushi/vec4 0, 0, 1;
    %store/vec4 v00000214980b6ac0_0, 0, 1;
    %pushi/vec4 1, 0, 1;
    %store/vec4 v0000021498188020_0, 0, 1;
    %pushi/vec4 0, 0, 1;
    %store/vec4 v00000214980b6b60_0, 0, 1;
    %pushi/vec4 1, 1, 2;
    %store/vec4 v0000021498104a80_0, 0, 2;
    %pushi/vec4 1, 0, 1;
    %store/vec4 v00000214981880c0_0, 0, 1;
    %jmp T_0.18;
T_0.16 ;
    %pushi/vec4 0, 0, 1;
    %store/vec4 v00000214981049e0_0, 0, 1;
    %pushi/vec4 0, 0, 1;
    %store/vec4 v00000214980b6a20_0, 0, 1;
    %pushi/vec4 1, 0, 1;
    %store/vec4 v00000214980b6ca0_0, 0, 1;
    %pushi/vec4 0, 0, 1;
    %store/vec4 v0000021498104940_0, 0, 1;
    %pushi/vec4 16, 0, 5;
    %store/vec4 v00000214980b7210_0, 0, 5;
    %pushi/vec4 0, 0, 1;
    %store/vec4 v00000214980b6ac0_0, 0, 1;
    %pushi/vec4 1, 0, 1;
    %store/vec4 v0000021498188020_0, 0, 1;
    %pushi/vec4 0, 0, 1;
    %store/vec4 v00000214980b6b60_0, 0, 1;
    %pushi/vec4 1, 1, 2;
    %store/vec4 v0000021498104a80_0, 0, 2;
    %pushi/vec4 1, 0, 1;
    %store/vec4 v00000214981880c0_0, 0, 1;
    %jmp T_0.18;
T_0.17 ;
    %pushi/vec4 0, 0, 1;
    %store/vec4 v00000214981049e0_0, 0, 1;
    %pushi/vec4 0, 0, 1;
    %store/vec4 v00000214980b6a20_0, 0, 1;
    %pushi/vec4 1, 0, 1;
    %store/vec4 v00000214980b6ca0_0, 0, 1;
    %pushi/vec4 0, 0, 1;
    %store/vec4 v0000021498104940_0, 0, 1;
    %pushi/vec4 18, 0, 5;
    %store/vec4 v00000214980b7210_0, 0, 5;
    %pushi/vec4 0, 0, 1;
    %store/vec4 v00000214980b6ac0_0, 0, 1;
    %pushi/vec4 1, 0, 1;
    %store/vec4 v0000021498188020_0, 0, 1;
    %pushi/vec4 0, 0, 1;
    %store/vec4 v00000214980b6b60_0, 0, 1;
    %pushi/vec4 1, 1, 2;
    %store/vec4 v0000021498104a80_0, 0, 2;
    %pushi/vec4 1, 0, 1;
    %store/vec4 v00000214981880c0_0, 0, 1;
    %jmp T_0.18;
T_0.18 ;
    %pop/vec4 1;
    %jmp T_0.1;
T_0.0 ;
    %load/vec4 v00000214980b6c00_0;
    %dup/vec4;
    %pushi/vec4 8, 0, 6;
    %cmp/u;
    %jmp/1 T_0.19, 6;
    %dup/vec4;
    %pushi/vec4 9, 0, 6;
    %cmp/u;
    %jmp/1 T_0.20, 6;
    %dup/vec4;
    %pushi/vec4 13, 0, 6;
    %cmp/u;
    %jmp/1 T_0.21, 6;
    %dup/vec4;
    %pushi/vec4 4, 0, 6;
    %cmp/u;
    %jmp/1 T_0.22, 6;
    %dup/vec4;
    %pushi/vec4 35, 0, 6;
    %cmp/u;
    %jmp/1 T_0.23, 6;
    %dup/vec4;
    %pushi/vec4 43, 0, 6;
    %cmp/u;
    %jmp/1 T_0.24, 6;
    %dup/vec4;
    %pushi/vec4 10, 0, 6;
    %cmp/u;
    %jmp/1 T_0.25, 6;
    %dup/vec4;
    %pushi/vec4 1, 0, 6;
    %cmp/u;
    %jmp/1 T_0.26, 6;
    %dup/vec4;
    %pushi/vec4 15, 0, 6;
    %cmp/u;
    %jmp/1 T_0.27, 6;
    %dup/vec4;
    %pushi/vec4 2, 0, 6;
    %cmp/u;
    %jmp/1 T_0.28, 6;
    %jmp T_0.29;
T_0.19 ;
    %pushi/vec4 0, 0, 1;
    %store/vec4 v00000214981049e0_0, 0, 1;
    %pushi/vec4 0, 0, 1;
    %store/vec4 v00000214980b6a20_0, 0, 1;
    %pushi/vec4 0, 0, 1;
    %store/vec4 v00000214980b6ca0_0, 0, 1;
    %pushi/vec4 1, 0, 1;
    %store/vec4 v0000021498104940_0, 0, 1;
    %pushi/vec4 0, 0, 5;
    %store/vec4 v00000214980b7210_0, 0, 5;
    %pushi/vec4 0, 0, 1;
    %store/vec4 v00000214980b6ac0_0, 0, 1;
    %pushi/vec4 1, 0, 1;
    %store/vec4 v0000021498188020_0, 0, 1;
    %pushi/vec4 0, 0, 1;
    %store/vec4 v00000214980b6b60_0, 0, 1;
    %pushi/vec4 1, 0, 2;
    %store/vec4 v0000021498104a80_0, 0, 2;
    %pushi/vec4 0, 0, 1;
    %store/vec4 v00000214981880c0_0, 0, 1;
    %jmp T_0.29;
T_0.20 ;
    %pushi/vec4 0, 0, 1;
    %store/vec4 v00000214981049e0_0, 0, 1;
    %pushi/vec4 0, 0, 1;
    %store/vec4 v00000214980b6a20_0, 0, 1;
    %pushi/vec4 0, 0, 1;
    %store/vec4 v00000214980b6ca0_0, 0, 1;
    %pushi/vec4 1, 0, 1;
    %store/vec4 v0000021498104940_0, 0, 1;
    %pushi/vec4 1, 0, 5;
    %store/vec4 v00000214980b7210_0, 0, 5;
    %pushi/vec4 0, 0, 1;
    %store/vec4 v00000214980b6ac0_0, 0, 1;
    %pushi/vec4 1, 0, 1;
    %store/vec4 v0000021498188020_0, 0, 1;
    %pushi/vec4 0, 0, 1;
    %store/vec4 v00000214980b6b60_0, 0, 1;
    %pushi/vec4 1, 0, 2;
    %store/vec4 v0000021498104a80_0, 0, 2;
    %pushi/vec4 0, 0, 1;
    %store/vec4 v00000214981880c0_0, 0, 1;
    %jmp T_0.29;
T_0.21 ;
    %pushi/vec4 0, 0, 1;
    %store/vec4 v00000214981049e0_0, 0, 1;
    %pushi/vec4 0, 0, 1;
    %store/vec4 v00000214980b6a20_0, 0, 1;
    %pushi/vec4 0, 0, 1;
    %store/vec4 v00000214980b6ca0_0, 0, 1;
    %pushi/vec4 1, 0, 1;
    %store/vec4 v0000021498104940_0, 0, 1;
    %pushi/vec4 5, 0, 5;
    %store/vec4 v00000214980b7210_0, 0, 5;
    %pushi/vec4 0, 0, 1;
    %store/vec4 v00000214980b6ac0_0, 0, 1;
    %pushi/vec4 1, 0, 1;
    %store/vec4 v0000021498188020_0, 0, 1;
    %pushi/vec4 0, 0, 1;
    %store/vec4 v00000214980b6b60_0, 0, 1;
    %pushi/vec4 0, 0, 2;
    %store/vec4 v0000021498104a80_0, 0, 2;
    %pushi/vec4 0, 0, 1;
    %store/vec4 v00000214981880c0_0, 0, 1;
    %jmp T_0.29;
T_0.22 ;
    %pushi/vec4 1, 0, 1;
    %store/vec4 v00000214981049e0_0, 0, 1;
    %pushi/vec4 0, 0, 1;
    %store/vec4 v00000214980b6a20_0, 0, 1;
    %pushi/vec4 1, 1, 1;
    %store/vec4 v00000214980b6ca0_0, 0, 1;
    %pushi/vec4 0, 0, 1;
    %store/vec4 v0000021498104940_0, 0, 1;
    %pushi/vec4 2, 0, 5;
    %store/vec4 v00000214980b7210_0, 0, 5;
    %pushi/vec4 1, 1, 1;
    %store/vec4 v00000214980b6ac0_0, 0, 1;
    %pushi/vec4 0, 0, 1;
    %store/vec4 v0000021498188020_0, 0, 1;
    %pushi/vec4 0, 0, 1;
    %store/vec4 v00000214980b6b60_0, 0, 1;
    %pushi/vec4 1, 1, 2;
    %store/vec4 v0000021498104a80_0, 0, 2;
    %pushi/vec4 0, 0, 1;
    %store/vec4 v00000214981880c0_0, 0, 1;
    %jmp T_0.29;
T_0.23 ;
    %pushi/vec4 0, 0, 1;
    %store/vec4 v00000214981049e0_0, 0, 1;
    %pushi/vec4 0, 0, 1;
    %store/vec4 v00000214980b6a20_0, 0, 1;
    %pushi/vec4 0, 0, 1;
    %store/vec4 v00000214980b6ca0_0, 0, 1;
    %pushi/vec4 1, 0, 1;
    %store/vec4 v0000021498104940_0, 0, 1;
    %pushi/vec4 1, 0, 5;
    %store/vec4 v00000214980b7210_0, 0, 5;
    %pushi/vec4 1, 0, 1;
    %store/vec4 v00000214980b6ac0_0, 0, 1;
    %pushi/vec4 1, 0, 1;
    %store/vec4 v0000021498188020_0, 0, 1;
    %pushi/vec4 0, 0, 1;
    %store/vec4 v00000214980b6b60_0, 0, 1;
    %pushi/vec4 1, 0, 2;
    %store/vec4 v0000021498104a80_0, 0, 2;
    %pushi/vec4 0, 0, 1;
    %store/vec4 v00000214981880c0_0, 0, 1;
    %jmp T_0.29;
T_0.24 ;
    %pushi/vec4 0, 0, 1;
    %store/vec4 v00000214981049e0_0, 0, 1;
    %pushi/vec4 0, 0, 1;
    %store/vec4 v00000214980b6a20_0, 0, 1;
    %pushi/vec4 1, 1, 1;
    %store/vec4 v00000214980b6ca0_0, 0, 1;
    %pushi/vec4 1, 0, 1;
    %store/vec4 v0000021498104940_0, 0, 1;
    %pushi/vec4 1, 0, 5;
    %store/vec4 v00000214980b7210_0, 0, 5;
    %pushi/vec4 0, 0, 1;
    %store/vec4 v00000214980b6ac0_0, 0, 1;
    %pushi/vec4 0, 0, 1;
    %store/vec4 v0000021498188020_0, 0, 1;
    %pushi/vec4 1, 0, 1;
    %store/vec4 v00000214980b6b60_0, 0, 1;
    %pushi/vec4 1, 0, 2;
    %store/vec4 v0000021498104a80_0, 0, 2;
    %pushi/vec4 0, 0, 1;
    %store/vec4 v00000214981880c0_0, 0, 1;
    %jmp T_0.29;
T_0.25 ;
    %pushi/vec4 0, 0, 1;
    %store/vec4 v00000214981049e0_0, 0, 1;
    %pushi/vec4 0, 0, 1;
    %store/vec4 v00000214980b6a20_0, 0, 1;
    %pushi/vec4 0, 0, 1;
    %store/vec4 v00000214980b6ca0_0, 0, 1;
    %pushi/vec4 1, 0, 1;
    %store/vec4 v0000021498104940_0, 0, 1;
    %pushi/vec4 12, 0, 5;
    %store/vec4 v00000214980b7210_0, 0, 5;
    %pushi/vec4 0, 0, 1;
    %store/vec4 v00000214980b6ac0_0, 0, 1;
    %pushi/vec4 1, 0, 1;
    %store/vec4 v0000021498188020_0, 0, 1;
    %pushi/vec4 0, 0, 1;
    %store/vec4 v00000214980b6b60_0, 0, 1;
    %pushi/vec4 1, 0, 2;
    %store/vec4 v0000021498104a80_0, 0, 2;
    %pushi/vec4 0, 0, 1;
    %store/vec4 v00000214981880c0_0, 0, 1;
    %jmp T_0.29;
T_0.26 ;
    %pushi/vec4 1, 0, 1;
    %store/vec4 v00000214981049e0_0, 0, 1;
    %pushi/vec4 0, 0, 1;
    %store/vec4 v00000214980b6a20_0, 0, 1;
    %pushi/vec4 1, 1, 1;
    %store/vec4 v00000214980b6ca0_0, 0, 1;
    %pushi/vec4 0, 0, 1;
    %store/vec4 v0000021498104940_0, 0, 1;
    %pushi/vec4 31, 0, 5;
    %store/vec4 v00000214980b7210_0, 0, 5;
    %pushi/vec4 1, 1, 1;
    %store/vec4 v00000214980b6ac0_0, 0, 1;
    %pushi/vec4 0, 0, 1;
    %store/vec4 v0000021498188020_0, 0, 1;
    %pushi/vec4 0, 0, 1;
    %store/vec4 v00000214980b6b60_0, 0, 1;
    %pushi/vec4 1, 1, 2;
    %store/vec4 v0000021498104a80_0, 0, 2;
    %pushi/vec4 0, 0, 1;
    %store/vec4 v00000214981880c0_0, 0, 1;
    %jmp T_0.29;
T_0.27 ;
    %pushi/vec4 0, 0, 1;
    %store/vec4 v00000214981049e0_0, 0, 1;
    %pushi/vec4 0, 0, 1;
    %store/vec4 v00000214980b6a20_0, 0, 1;
    %pushi/vec4 0, 0, 1;
    %store/vec4 v00000214980b6ca0_0, 0, 1;
    %pushi/vec4 1, 0, 1;
    %store/vec4 v0000021498104940_0, 0, 1;
    %pushi/vec4 30, 0, 5;
    %store/vec4 v00000214980b7210_0, 0, 5;
    %pushi/vec4 0, 0, 1;
    %store/vec4 v00000214980b6ac0_0, 0, 1;
    %pushi/vec4 1, 0, 1;
    %store/vec4 v0000021498188020_0, 0, 1;
    %pushi/vec4 0, 0, 1;
    %store/vec4 v00000214980b6b60_0, 0, 1;
    %pushi/vec4 2, 0, 2;
    %store/vec4 v0000021498104a80_0, 0, 2;
    %pushi/vec4 0, 0, 1;
    %store/vec4 v00000214981880c0_0, 0, 1;
    %jmp T_0.29;
T_0.28 ;
    %pushi/vec4 0, 0, 1;
    %store/vec4 v00000214981049e0_0, 0, 1;
    %pushi/vec4 1, 0, 1;
    %store/vec4 v00000214980b6a20_0, 0, 1;
    %pushi/vec4 1, 1, 1;
    %store/vec4 v00000214980b6ca0_0, 0, 1;
    %pushi/vec4 1, 1, 1;
    %store/vec4 v0000021498104940_0, 0, 1;
    %pushi/vec4 31, 31, 5;
    %store/vec4 v00000214980b7210_0, 0, 5;
    %pushi/vec4 1, 1, 1;
    %store/vec4 v00000214980b6ac0_0, 0, 1;
    %pushi/vec4 0, 0, 1;
    %store/vec4 v0000021498188020_0, 0, 1;
    %pushi/vec4 0, 0, 1;
    %store/vec4 v00000214980b6b60_0, 0, 1;
    %pushi/vec4 1, 1, 2;
    %store/vec4 v0000021498104a80_0, 0, 2;
    %pushi/vec4 0, 0, 1;
    %store/vec4 v00000214981880c0_0, 0, 1;
    %jmp T_0.29;
T_0.29 ;
    %pop/vec4 1;
T_0.1 ;
    %jmp T_0;
    .thread T_0, $push;
# The file index is used to find the file name in the following table.
:file_names 3;
    "N/A";
    "<interactive>";
    "ControlUnit.v";
