#! /c/Source/iverilog-install/bin/vvp
:ivl_version "12.0 (devel)" "(s20150603-1110-g18392a46)";
:ivl_delay_selection "TYPICAL";
:vpi_time_precision + 0;
:vpi_module "D:\iverilog\lib\ivl\system.vpi";
:vpi_module "D:\iverilog\lib\ivl\vhdl_sys.vpi";
:vpi_module "D:\iverilog\lib\ivl\vhdl_textio.vpi";
:vpi_module "D:\iverilog\lib\ivl\v2005_math.vpi";
:vpi_module "D:\iverilog\lib\ivl\va_math.vpi";
S_0000025d8ccf5850 .scope module, "CPU206" "CPU206" 2 3;
 .timescale 0 0;
    .port_info 0 /INPUT 1 "rst";
    .port_info 1 /INPUT 1 "clk";
v0000025d8d1d3de0_0 .net "ALUCtr", 4 0, v0000025d8d145090_0;  1 drivers
v0000025d8d1d5460_0 .net "ALUSrc", 0 0, v0000025d8d1442d0_0;  1 drivers
v0000025d8d1d3f20_0 .net "Branch", 0 0, v0000025d8d144cd0_0;  1 drivers
v0000025d8d1d3c00_0 .net "ExtOp", 1 0, v0000025d8d144370_0;  1 drivers
v0000025d8d1d5500_0 .net "Instruction", 31 0, L_0000025d8cd89990;  1 drivers
v0000025d8d1d4100_0 .net "Jal", 0 0, v0000025d8d1458b0_0;  1 drivers
v0000025d8d1d42e0_0 .net "Jr", 0 0, v0000025d8d1459f0_0;  1 drivers
v0000025d8d1d3a20_0 .net "Jump", 0 0, v0000025d8d1444b0_0;  1 drivers
v0000025d8d1d55a0_0 .net "MemToReg", 0 0, v0000025d8d1451d0_0;  1 drivers
v0000025d8d1d3700_0 .net "MemWr", 0 0, v0000025d8d144870_0;  1 drivers
v0000025d8d1d37a0_0 .net "RegDst", 0 0, v0000025d8d145770_0;  1 drivers
v0000025d8d1d3840_0 .net "RegWr", 0 0, v0000025d8d144d70_0;  1 drivers
v0000025d8d1d3d40_0 .net "Rtype", 0 0, v0000025d8d145810_0;  1 drivers
o0000025d8d172c08 .functor BUFZ 1, C4<z>; HiZ drive
v0000025d8d1d38e0_0 .net "Rtype_J", 0 0, o0000025d8d172c08;  0 drivers
o0000025d8d170868 .functor BUFZ 1, C4<z>; HiZ drive
v0000025d8d1d3ac0_0 .net "clk", 0 0, o0000025d8d170868;  0 drivers
o0000025d8d172038 .functor BUFZ 1, C4<z>; HiZ drive
v0000025d8d1d3b60_0 .net "rst", 0 0, o0000025d8d172038;  0 drivers
S_0000025d8ccf59e0 .scope module, "ControlUnit" "Control_Unit206" 2 40, 3 1 0, S_0000025d8ccf5850;
 .timescale 0 0;
    .port_info 0 /INPUT 32 "Instruction";
    .port_info 1 /INPUT 1 "clk";
    .port_info 2 /OUTPUT 1 "Branch";
    .port_info 3 /OUTPUT 1 "Jump";
    .port_info 4 /OUTPUT 1 "RegDst";
    .port_info 5 /OUTPUT 1 "ALUSrc";
    .port_info 6 /OUTPUT 5 "ALUCtr";
    .port_info 7 /OUTPUT 1 "MemToReg";
    .port_info 8 /OUTPUT 1 "RegWr";
    .port_info 9 /OUTPUT 1 "MemWr";
    .port_info 10 /OUTPUT 2 "ExtOp";
    .port_info 11 /OUTPUT 1 "Rtype";
    .port_info 12 /OUTPUT 1 "Jal";
    .port_info 13 /OUTPUT 1 "Rtype_J";
v0000025d8d145090_0 .var "ALUCtr", 4 0;
v0000025d8d1442d0_0 .var "ALUSrc", 0 0;
v0000025d8d144cd0_0 .var "Branch", 0 0;
v0000025d8d144370_0 .var "ExtOp", 1 0;
v0000025d8d1447d0_0 .net "Instruction", 31 0, L_0000025d8cd89990;  alias, 1 drivers
v0000025d8d1458b0_0 .var "Jal", 0 0;
v0000025d8d1444b0_0 .var "Jump", 0 0;
v0000025d8d1451d0_0 .var "MemToReg", 0 0;
v0000025d8d144870_0 .var "MemWr", 0 0;
v0000025d8d144910_0 .net "OP", 5 0, L_0000025d8d1d57b0;  1 drivers
v0000025d8d145770_0 .var "RegDst", 0 0;
v0000025d8d144d70_0 .var "RegWr", 0 0;
v0000025d8d145810_0 .var "Rtype", 0 0;
v0000025d8d1459f0_0 .var "Rtype_J", 0 0;
v0000025d8d145b30_0 .net "clk", 0 0, o0000025d8d170868;  alias, 0 drivers
v0000025d8cd1f6d0_0 .net "func", 5 0, L_0000025d8d1d62f0;  1 drivers
E_0000025d8d163fd0 .event anyedge, v0000025d8d144910_0, v0000025d8cd1f6d0_0;
L_0000025d8d1d57b0 .part L_0000025d8cd89990, 26, 6;
L_0000025d8d1d62f0 .part L_0000025d8cd89990, 0, 6;
S_0000025d8cc16980 .scope module, "DataPath" "DataPath206" 2 22, 4 5 0, S_0000025d8ccf5850;
 .timescale 0 0;
    .port_info 0 /INPUT 1 "clk";
    .port_info 1 /INPUT 1 "rst";
    .port_info 2 /INPUT 1 "Branch";
    .port_info 3 /INPUT 1 "Jump";
    .port_info 4 /INPUT 1 "RegDst";
    .port_info 5 /INPUT 1 "ALUSrc";
    .port_info 6 /INPUT 5 "ALUCtr";
    .port_info 7 /INPUT 1 "MemToReg";
    .port_info 8 /INPUT 1 "RegWr";
    .port_info 9 /INPUT 1 "MemWr";
    .port_info 10 /INPUT 2 "ExtOp";
    .port_info 11 /INPUT 1 "Rtype";
    .port_info 12 /INPUT 1 "Jal";
    .port_info 13 /INPUT 1 "Rtype_J";
    .port_info 14 /OUTPUT 32 "Instruction";
L_0000025d8cd89bc0 .functor NOT 1, v0000025d8d1c1500_0, C4<0>, C4<0>, C4<0>;
L_0000025d8d22fac0 .functor AND 1, v0000025d8d144d70_0, L_0000025d8cd89bc0, C4<1>, C4<1>;
v0000025d8d1d50a0_0 .net "ALUCtr", 4 0, v0000025d8d145090_0;  alias, 1 drivers
v0000025d8d1d4ec0_0 .net "ALUSrc", 0 0, v0000025d8d1442d0_0;  alias, 1 drivers
v0000025d8d1d4f60_0 .net "ALU_result", 31 0, v0000025d8d1c22c0_0;  1 drivers
v0000025d8d1d4420_0 .net "Branch", 0 0, v0000025d8d144cd0_0;  alias, 1 drivers
v0000025d8d1d4e20_0 .net "DM_out", 31 0, L_0000025d8d1d7290;  1 drivers
v0000025d8d1d4600_0 .net "Data_B_In", 31 0, L_0000025d8d1d71f0;  1 drivers
v0000025d8d1d47e0_0 .net "ExtOp", 1 0, v0000025d8d144370_0;  alias, 1 drivers
v0000025d8d1d4740_0 .net "Instruction", 31 0, L_0000025d8cd89990;  alias, 1 drivers
v0000025d8d1d4880_0 .net "Jal", 0 0, v0000025d8d1458b0_0;  alias, 1 drivers
v0000025d8d1d3fc0_0 .net "Jump", 0 0, v0000025d8d1444b0_0;  alias, 1 drivers
v0000025d8d1d3980_0 .net "MemToReg", 0 0, v0000025d8d1451d0_0;  alias, 1 drivers
v0000025d8d1d4ce0_0 .net "MemWr", 0 0, v0000025d8d144870_0;  alias, 1 drivers
v0000025d8d1d4d80_0 .net "OF", 0 0, v0000025d8d1c1500_0;  1 drivers
v0000025d8d1d44c0_0 .net "Rd", 4 0, L_0000025d8d1d5df0;  1 drivers
v0000025d8d1d4240_0 .net "RegDst", 0 0, v0000025d8d145770_0;  alias, 1 drivers
v0000025d8d1d4ba0_0 .net "RegWr", 0 0, v0000025d8d144d70_0;  alias, 1 drivers
v0000025d8d1d49c0_0 .net "Rs", 4 0, L_0000025d8d1d5990;  1 drivers
v0000025d8d1d3e80_0 .net "Rt", 4 0, L_0000025d8d1d5c10;  1 drivers
v0000025d8d1d4380_0 .net "Rtype", 0 0, v0000025d8d145810_0;  alias, 1 drivers
v0000025d8d1d41a0_0 .net "Rtype_J", 0 0, o0000025d8d172c08;  alias, 0 drivers
v0000025d8d1d5140_0 .net "Rw", 4 0, L_0000025d8d1d7010;  1 drivers
v0000025d8d1d4a60_0 .net "SF", 0 0, v0000025d8d1c0ba0_0;  1 drivers
v0000025d8d1d4b00_0 .net "ZF", 0 0, v0000025d8d1c2040_0;  1 drivers
v0000025d8d1d51e0_0 .net *"_ivl_16", 0 0, L_0000025d8cd89bc0;  1 drivers
v0000025d8d1d4c40_0 .net "busA", 31 0, L_0000025d8cd89a70;  1 drivers
v0000025d8d1d5000_0 .net "busB", 31 0, L_0000025d8cd89b50;  1 drivers
v0000025d8d1d5280_0 .net "busW", 31 0, L_0000025d8d1d7510;  1 drivers
v0000025d8d1d3ca0_0 .net "clk", 0 0, o0000025d8d170868;  alias, 0 drivers
v0000025d8d1d4560_0 .net "imm16", 15 0, L_0000025d8d1d6bb0;  1 drivers
v0000025d8d1d5320_0 .net "imm16_Ext", 31 0, v0000025d8d1c09c0_0;  1 drivers
v0000025d8d1d4060_0 .net "rst", 0 0, o0000025d8d172038;  alias, 0 drivers
v0000025d8d1d53c0_0 .net "shamt", 4 0, L_0000025d8d1d6e30;  1 drivers
L_0000025d8d1d5990 .part L_0000025d8cd89990, 21, 5;
L_0000025d8d1d5c10 .part L_0000025d8cd89990, 16, 5;
L_0000025d8d1d5df0 .part L_0000025d8cd89990, 11, 5;
L_0000025d8d1d6bb0 .part L_0000025d8cd89990, 0, 16;
L_0000025d8d1d6e30 .part L_0000025d8cd89990, 6, 5;
L_0000025d8d1d69d0 .part L_0000025d8cd89990, 26, 6;
L_0000025d8d1d6610 .part L_0000025d8cd89990, 0, 16;
L_0000025d8d1d5cb0 .part L_0000025d8cd89990, 0, 26;
L_0000025d8d1d6cf0 .part v0000025d8d1c22c0_0, 0, 12;
S_0000025d8cce5370 .scope module, "ALU" "ALU206" 4 99, 5 1 0, S_0000025d8cc16980;
 .timescale 0 0;
    .port_info 0 /INPUT 5 "ALUCtr";
    .port_info 1 /INPUT 32 "A";
    .port_info 2 /INPUT 32 "B";
    .port_info 3 /INPUT 5 "shamt";
    .port_info 4 /OUTPUT 32 "result";
    .port_info 5 /OUTPUT 1 "OverFlow";
    .port_info 6 /OUTPUT 1 "Zero";
    .port_info 7 /OUTPUT 1 "Sign";
v0000025d8d1c1b40_0 .net "A", 31 0, L_0000025d8cd89a70;  alias, 1 drivers
v0000025d8d1c1c80_0 .net "ALUCtr", 4 0, v0000025d8d145090_0;  alias, 1 drivers
v0000025d8d1c2400_0 .net "B", 31 0, L_0000025d8d1d71f0;  alias, 1 drivers
v0000025d8d1c1500_0 .var "OverFlow", 0 0;
v0000025d8d1c0ba0_0 .var "Sign", 0 0;
v0000025d8d1c2040_0 .var "Zero", 0 0;
v0000025d8d1c22c0_0 .var "result", 31 0;
v0000025d8d1c20e0_0 .net "shamt", 4 0, L_0000025d8d1d6e30;  alias, 1 drivers
v0000025d8d1c1960_0 .var/i "t1", 31 0;
v0000025d8d1c1dc0_0 .var/i "t2", 31 0;
v0000025d8d1c1d20_0 .var "temp", 32 0;
E_0000025d8d163e90/0 .event anyedge, v0000025d8d145090_0, v0000025d8d1c1b40_0, v0000025d8d1c2400_0, v0000025d8d1c1d20_0;
E_0000025d8d163e90/1 .event anyedge, v0000025d8d1c1960_0, v0000025d8d1c1dc0_0, v0000025d8d1c20e0_0, v0000025d8d1c22c0_0;
E_0000025d8d163e90 .event/or E_0000025d8d163e90/0, E_0000025d8d163e90/1;
S_0000025d8cce5500 .scope module, "DM_4K" "DM_4K_206" 4 118, 6 1 0, S_0000025d8cc16980;
 .timescale 0 0;
    .port_info 0 /INPUT 1 "clk";
    .port_info 1 /INPUT 1 "WrEn";
    .port_info 2 /INPUT 12 "Addr";
    .port_info 3 /INPUT 32 "Din";
    .port_info 4 /OUTPUT 32 "Dout";
v0000025d8d1c2180_0 .net "Addr", 11 0, L_0000025d8d1d6cf0;  1 drivers
v0000025d8d1c1e60 .array "DM", 0 1023, 7 0;
v0000025d8d1c2220_0 .net "Din", 31 0, L_0000025d8cd89b50;  alias, 1 drivers
v0000025d8d1c1f00_0 .net "Dout", 31 0, L_0000025d8d1d7290;  alias, 1 drivers
v0000025d8d1c1320_0 .net "WrEn", 0 0, v0000025d8d144870_0;  alias, 1 drivers
v0000025d8d1c11e0_0 .net *"_ivl_0", 7 0, L_0000025d8d1d5fd0;  1 drivers
v0000025d8d1c0ec0_0 .net *"_ivl_10", 7 0, L_0000025d8d1d5e90;  1 drivers
v0000025d8d1c13c0_0 .net *"_ivl_12", 32 0, L_0000025d8d1d5f30;  1 drivers
L_0000025d8d1d7b10 .functor BUFT 1, C4<000000000000000000000>, C4<0>, C4<0>, C4<0>;
v0000025d8d1c1fa0_0 .net *"_ivl_15", 20 0, L_0000025d8d1d7b10;  1 drivers
L_0000025d8d1d7b58 .functor BUFT 1, C4<000000000000000000000000000000010>, C4<0>, C4<0>, C4<0>;
v0000025d8d1c06a0_0 .net/2u *"_ivl_16", 32 0, L_0000025d8d1d7b58;  1 drivers
v0000025d8d1c1460_0 .net *"_ivl_18", 32 0, L_0000025d8d1d6070;  1 drivers
v0000025d8d1c2360_0 .net *"_ivl_2", 32 0, L_0000025d8d1d5b70;  1 drivers
v0000025d8d1c0920_0 .net *"_ivl_20", 7 0, L_0000025d8d1d6a70;  1 drivers
v0000025d8d1c0c40_0 .net *"_ivl_22", 32 0, L_0000025d8d1d75b0;  1 drivers
L_0000025d8d1d7ba0 .functor BUFT 1, C4<000000000000000000000>, C4<0>, C4<0>, C4<0>;
v0000025d8d1c10a0_0 .net *"_ivl_25", 20 0, L_0000025d8d1d7ba0;  1 drivers
L_0000025d8d1d7be8 .functor BUFT 1, C4<000000000000000000000000000000001>, C4<0>, C4<0>, C4<0>;
v0000025d8d1c1780_0 .net/2u *"_ivl_26", 32 0, L_0000025d8d1d7be8;  1 drivers
v0000025d8d1c0e20_0 .net *"_ivl_28", 32 0, L_0000025d8d1d6c50;  1 drivers
v0000025d8d1c24a0_0 .net *"_ivl_30", 7 0, L_0000025d8d1d6110;  1 drivers
v0000025d8d1c1820_0 .net *"_ivl_32", 32 0, L_0000025d8d1d61b0;  1 drivers
L_0000025d8d1d7c30 .functor BUFT 1, C4<000000000000000000000>, C4<0>, C4<0>, C4<0>;
v0000025d8d1c1000_0 .net *"_ivl_35", 20 0, L_0000025d8d1d7c30;  1 drivers
L_0000025d8d1d7c78 .functor BUFT 1, C4<000000000000000000000000000000000>, C4<0>, C4<0>, C4<0>;
v0000025d8d1c1aa0_0 .net/2u *"_ivl_36", 32 0, L_0000025d8d1d7c78;  1 drivers
v0000025d8d1c2540_0 .net *"_ivl_38", 32 0, L_0000025d8d1d6d90;  1 drivers
L_0000025d8d1d7a80 .functor BUFT 1, C4<000000000000000000000>, C4<0>, C4<0>, C4<0>;
v0000025d8d1c1be0_0 .net *"_ivl_5", 20 0, L_0000025d8d1d7a80;  1 drivers
L_0000025d8d1d7ac8 .functor BUFT 1, C4<000000000000000000000000000000011>, C4<0>, C4<0>, C4<0>;
v0000025d8d1c0740_0 .net/2u *"_ivl_6", 32 0, L_0000025d8d1d7ac8;  1 drivers
v0000025d8d1c07e0_0 .net *"_ivl_8", 32 0, L_0000025d8d1d6430;  1 drivers
v0000025d8d1c0880_0 .net "clk", 0 0, o0000025d8d170868;  alias, 0 drivers
E_0000025d8d163610 .event posedge, v0000025d8d145b30_0;
L_0000025d8d1d5fd0 .array/port v0000025d8d1c1e60, L_0000025d8d1d6430;
L_0000025d8d1d5b70 .concat [ 12 21 0 0], L_0000025d8d1d6cf0, L_0000025d8d1d7a80;
L_0000025d8d1d6430 .arith/sum 33, L_0000025d8d1d5b70, L_0000025d8d1d7ac8;
L_0000025d8d1d5e90 .array/port v0000025d8d1c1e60, L_0000025d8d1d6070;
L_0000025d8d1d5f30 .concat [ 12 21 0 0], L_0000025d8d1d6cf0, L_0000025d8d1d7b10;
L_0000025d8d1d6070 .arith/sum 33, L_0000025d8d1d5f30, L_0000025d8d1d7b58;
L_0000025d8d1d6a70 .array/port v0000025d8d1c1e60, L_0000025d8d1d6c50;
L_0000025d8d1d75b0 .concat [ 12 21 0 0], L_0000025d8d1d6cf0, L_0000025d8d1d7ba0;
L_0000025d8d1d6c50 .arith/sum 33, L_0000025d8d1d75b0, L_0000025d8d1d7be8;
L_0000025d8d1d6110 .array/port v0000025d8d1c1e60, L_0000025d8d1d6d90;
L_0000025d8d1d61b0 .concat [ 12 21 0 0], L_0000025d8d1d6cf0, L_0000025d8d1d7c30;
L_0000025d8d1d6d90 .arith/sum 33, L_0000025d8d1d61b0, L_0000025d8d1d7c78;
L_0000025d8d1d7290 .concat [ 8 8 8 8], L_0000025d8d1d6110, L_0000025d8d1d6a70, L_0000025d8d1d5e90, L_0000025d8d1d5fd0;
S_0000025d8cce5690 .scope module, "ExtUnit" "ExtUnit_DataPath_206" 4 111, 7 23 0, S_0000025d8cc16980;
 .timescale 0 0;
    .port_info 0 /INPUT 16 "in";
    .port_info 1 /INPUT 2 "ExtOp";
    .port_info 2 /OUTPUT 32 "out";
v0000025d8d1c0a60_0 .net "ExtOp", 1 0, v0000025d8d144370_0;  alias, 1 drivers
v0000025d8d1c1140_0 .net "in", 15 0, L_0000025d8d1d6bb0;  alias, 1 drivers
v0000025d8d1c0b00_0 .net "out", 31 0, v0000025d8d1c09c0_0;  alias, 1 drivers
v0000025d8d1c09c0_0 .var "out_t", 31 0;
E_0000025d8d163650 .event anyedge, v0000025d8d144370_0, v0000025d8d1c1140_0;
S_0000025d8ccd6a60 .scope module, "IFetchUnit" "IFetch_Unit206" 4 54, 8 4 0, S_0000025d8cc16980;
 .timescale 0 0;
    .port_info 0 /INPUT 1 "clk";
    .port_info 1 /INPUT 1 "rst";
    .port_info 2 /INPUT 1 "Branch";
    .port_info 3 /INPUT 1 "Jump";
    .port_info 4 /INPUT 1 "Zero";
    .port_info 5 /INPUT 1 "OverFlow";
    .port_info 6 /INPUT 1 "Sign";
    .port_info 7 /INPUT 6 "OP";
    .port_info 8 /INPUT 16 "Imm16";
    .port_info 9 /INPUT 26 "J_Target";
    .port_info 10 /OUTPUT 32 "Instruction";
v0000025d8d1c2c50_0 .net "Branch", 0 0, v0000025d8d144cd0_0;  alias, 1 drivers
v0000025d8d1c2d90_0 .net "I_Addr", 31 2, L_0000025d8cd89fb0;  1 drivers
v0000025d8d1c3290_0 .net "Imm16", 15 0, L_0000025d8d1d6610;  1 drivers
v0000025d8d1ccf90_0 .net "Instruction", 31 0, L_0000025d8cd89990;  alias, 1 drivers
v0000025d8d1cd670_0 .net "J_Target", 25 0, L_0000025d8d1d5cb0;  1 drivers
v0000025d8d1cc9f0_0 .net "Jump", 0 0, v0000025d8d1444b0_0;  alias, 1 drivers
v0000025d8d1cc770_0 .net "OP", 5 0, L_0000025d8d1d69d0;  1 drivers
v0000025d8d1cdfd0_0 .net "OverFlow", 0 0, v0000025d8d1c1500_0;  alias, 1 drivers
v0000025d8d1cd490_0 .net "PC_cur", 31 2, v0000025d8d1c2890_0;  1 drivers
v0000025d8d1cd710_0 .net "PC_next", 31 2, L_0000025d8cd8a5d0;  1 drivers
v0000025d8d1cdf30_0 .net "Sign", 0 0, v0000025d8d1c0ba0_0;  alias, 1 drivers
v0000025d8d1cd030_0 .net "Zero", 0 0, v0000025d8d1c2040_0;  alias, 1 drivers
v0000025d8d1ce070_0 .net "clk", 0 0, o0000025d8d170868;  alias, 0 drivers
v0000025d8d1ce250_0 .net "rst", 0 0, o0000025d8d172038;  alias, 0 drivers
L_0000025d8d1d6930 .part L_0000025d8cd89fb0, 0, 10;
S_0000025d8ccd6cb0 .scope module, "Im" "IM_4K_206" 8 42, 9 1 0, S_0000025d8ccd6a60;
 .timescale 0 0;
    .port_info 0 /INPUT 10 "Addr";
    .port_info 1 /OUTPUT 32 "Dout";
L_0000025d8cd89990 .functor BUFZ 32, L_0000025d8d1d6750, C4<00000000000000000000000000000000>, C4<00000000000000000000000000000000>, C4<00000000000000000000000000000000>;
v0000025d8d1c0ce0_0 .net "Addr", 11 2, L_0000025d8d1d6930;  1 drivers
v0000025d8d1c0d80_0 .net "Dout", 31 0, L_0000025d8cd89990;  alias, 1 drivers
v0000025d8d1c0f60 .array "IM", 0 1023, 31 0;
v0000025d8d1c1280_0 .net *"_ivl_0", 31 0, L_0000025d8d1d6750;  1 drivers
v0000025d8d1c15a0_0 .net *"_ivl_2", 11 0, L_0000025d8d1d5a30;  1 drivers
L_0000025d8d1d7888 .functor BUFT 1, C4<00>, C4<0>, C4<0>, C4<0>;
v0000025d8d1c1640_0 .net *"_ivl_5", 1 0, L_0000025d8d1d7888;  1 drivers
L_0000025d8d1d6750 .array/port v0000025d8d1c0f60, L_0000025d8d1d5a30;
L_0000025d8d1d5a30 .concat [ 10 2 0 0], L_0000025d8d1d6930, L_0000025d8d1d7888;
S_0000025d8ccee070 .scope module, "NPC" "NPC206" 8 19, 10 4 0, S_0000025d8ccd6a60;
 .timescale 0 0;
    .port_info 0 /INPUT 1 "Jump";
    .port_info 1 /INPUT 1 "Branch";
    .port_info 2 /INPUT 1 "Zero";
    .port_info 3 /INPUT 1 "Sign";
    .port_info 4 /INPUT 1 "OverFlow";
    .port_info 5 /INPUT 6 "OP";
    .port_info 6 /INPUT 30 "PC_Addr";
    .port_info 7 /INPUT 16 "Imm16";
    .port_info 8 /INPUT 26 "J_Target";
    .port_info 9 /OUTPUT 30 "I_Addr";
    .port_info 10 /OUTPUT 30 "Next_I_Addr";
L_0000025d8cd89fb0 .functor BUFZ 30, v0000025d8d1c2890_0, C4<000000000000000000000000000000>, C4<000000000000000000000000000000>, C4<000000000000000000000000000000>;
L_0000025d8cd8a5d0 .functor BUFZ 30, L_0000025d8d1d64d0, C4<000000000000000000000000000000>, C4<000000000000000000000000000000>, C4<000000000000000000000000000000>;
v0000025d8d1c44b0_0 .net "B_Addr", 31 2, L_0000025d8d1d6570;  1 drivers
v0000025d8d1c2cf0_0 .net "Branch", 0 0, v0000025d8d144cd0_0;  alias, 1 drivers
v0000025d8d1c3b50_0 .net "BranchControl", 0 0, v0000025d8d1c18c0_0;  1 drivers
v0000025d8d1c3830_0 .net "I_Addr", 31 2, L_0000025d8cd89fb0;  alias, 1 drivers
v0000025d8d1c2a70_0 .net "Imm16", 15 0, L_0000025d8d1d6610;  alias, 1 drivers
v0000025d8d1c40f0_0 .net "J_Addr", 31 2, L_0000025d8d1d70b0;  1 drivers
v0000025d8d1c38d0_0 .net "J_Target", 25 0, L_0000025d8d1d5cb0;  alias, 1 drivers
v0000025d8d1c29d0_0 .net "Jump", 0 0, v0000025d8d1444b0_0;  alias, 1 drivers
v0000025d8d1c3c90_0 .net "Next_I_Addr", 31 2, L_0000025d8cd8a5d0;  alias, 1 drivers
v0000025d8d1c3150_0 .net "OP", 5 0, L_0000025d8d1d69d0;  alias, 1 drivers
v0000025d8d1c2750_0 .net "OverFlow", 0 0, v0000025d8d1c1500_0;  alias, 1 drivers
v0000025d8d1c3e70_0 .net "PC_Addr", 31 2, v0000025d8d1c2890_0;  alias, 1 drivers
v0000025d8d1c4550_0 .net "PC_Plus_4", 31 2, L_0000025d8d1d58f0;  1 drivers
v0000025d8d1c27f0_0 .net "Sign", 0 0, v0000025d8d1c0ba0_0;  alias, 1 drivers
v0000025d8d1c4370_0 .net "Y1", 31 2, L_0000025d8d1d66b0;  1 drivers
v0000025d8d1c3d30_0 .net "Y2", 31 2, L_0000025d8d1d64d0;  1 drivers
v0000025d8d1c3f10_0 .net "Zero", 0 0, v0000025d8d1c2040_0;  alias, 1 drivers
L_0000025d8d1d76d8 .functor BUFT 1, C4<000000000000000000000000000001>, C4<0>, C4<0>, C4<0>;
v0000025d8d1c4410_0 .net/2u *"_ivl_0", 29 0, L_0000025d8d1d76d8;  1 drivers
v0000025d8d1c3fb0_0 .net *"_ivl_9", 3 0, L_0000025d8d1d67f0;  1 drivers
v0000025d8d1c26b0_0 .net "imm16_Ext", 31 2, v0000025d8d1c3bf0_0;  1 drivers
L_0000025d8d1d58f0 .arith/sum 30, v0000025d8d1c2890_0, L_0000025d8d1d76d8;
L_0000025d8d1d6570 .arith/sum 30, v0000025d8d1c3bf0_0, v0000025d8d1c2890_0;
L_0000025d8d1d67f0 .part v0000025d8d1c2890_0, 26, 4;
L_0000025d8d1d70b0 .concat [ 26 4 0 0], L_0000025d8d1d5cb0, L_0000025d8d1d67f0;
S_0000025d8ccee200 .scope module, "Branch_Control_Uint" "Branch_Control_Unit_206" 10 36, 11 1 0, S_0000025d8ccee070;
 .timescale 0 0;
    .port_info 0 /INPUT 1 "Branch";
    .port_info 1 /INPUT 1 "Zero";
    .port_info 2 /INPUT 1 "Sign";
    .port_info 3 /INPUT 1 "OverFlow";
    .port_info 4 /INPUT 6 "OP";
    .port_info 5 /OUTPUT 1 "BranchCtr";
v0000025d8d1c16e0_0 .net "Branch", 0 0, v0000025d8d144cd0_0;  alias, 1 drivers
v0000025d8d1c18c0_0 .var "BranchCtr", 0 0;
v0000025d8d1c1a00_0 .net "OP", 5 0, L_0000025d8d1d69d0;  alias, 1 drivers
v0000025d8d1c3470_0 .net "OverFlow", 0 0, v0000025d8d1c1500_0;  alias, 1 drivers
v0000025d8d1c4230_0 .net "Sign", 0 0, v0000025d8d1c0ba0_0;  alias, 1 drivers
v0000025d8d1c42d0_0 .net "Zero", 0 0, v0000025d8d1c2040_0;  alias, 1 drivers
E_0000025d8d163890/0 .event anyedge, v0000025d8d144cd0_0, v0000025d8d1c1a00_0, v0000025d8d1c2040_0, v0000025d8d1c0ba0_0;
E_0000025d8d163890/1 .event anyedge, v0000025d8d1c1500_0;
E_0000025d8d163890 .event/or E_0000025d8d163890/0, E_0000025d8d163890/1;
S_0000025d8ccee390 .scope module, "MUX_B" "MUX206" 10 45, 12 1 0, S_0000025d8ccee070;
 .timescale 0 0;
    .port_info 0 /INPUT 30 "A";
    .port_info 1 /INPUT 30 "B";
    .port_info 2 /INPUT 1 "S";
    .port_info 3 /OUTPUT 30 "Y";
P_0000025d8d1637d0 .param/l "WIDTH" 0 12 1, +C4<00000000000000000000000000011110>;
v0000025d8d1c3650_0 .net "A", 29 0, L_0000025d8d1d6570;  alias, 1 drivers
v0000025d8d1c2f70_0 .net "B", 29 0, L_0000025d8d1d58f0;  alias, 1 drivers
v0000025d8d1c36f0_0 .net "S", 0 0, v0000025d8d1c18c0_0;  alias, 1 drivers
v0000025d8d1c3330_0 .net "Y", 29 0, L_0000025d8d1d66b0;  alias, 1 drivers
v0000025d8d1c33d0_0 .net *"_ivl_0", 31 0, L_0000025d8d1d6b10;  1 drivers
L_0000025d8d1d7768 .functor BUFT 1, C4<0000000000000000000000000000000>, C4<0>, C4<0>, C4<0>;
v0000025d8d1c4050_0 .net *"_ivl_3", 30 0, L_0000025d8d1d7768;  1 drivers
L_0000025d8d1d77b0 .functor BUFT 1, C4<00000000000000000000000000000001>, C4<0>, C4<0>, C4<0>;
v0000025d8d1c2e30_0 .net/2u *"_ivl_4", 31 0, L_0000025d8d1d77b0;  1 drivers
v0000025d8d1c3970_0 .net *"_ivl_6", 0 0, L_0000025d8d1d6890;  1 drivers
L_0000025d8d1d6b10 .concat [ 1 31 0 0], v0000025d8d1c18c0_0, L_0000025d8d1d7768;
L_0000025d8d1d6890 .cmp/eq 32, L_0000025d8d1d6b10, L_0000025d8d1d77b0;
L_0000025d8d1d66b0 .functor MUXZ 30, L_0000025d8d1d58f0, L_0000025d8d1d6570, L_0000025d8d1d6890, C4<>;
S_0000025d8ccf1600 .scope module, "MUX_J" "MUX206" 10 52, 12 1 0, S_0000025d8ccee070;
 .timescale 0 0;
    .port_info 0 /INPUT 30 "A";
    .port_info 1 /INPUT 30 "B";
    .port_info 2 /INPUT 1 "S";
    .port_info 3 /OUTPUT 30 "Y";
P_0000025d8d163b90 .param/l "WIDTH" 0 12 1, +C4<00000000000000000000000000011110>;
v0000025d8d1c3790_0 .net "A", 29 0, L_0000025d8d1d70b0;  alias, 1 drivers
v0000025d8d1c2ed0_0 .net "B", 29 0, L_0000025d8d1d66b0;  alias, 1 drivers
v0000025d8d1c3a10_0 .net "S", 0 0, v0000025d8d1444b0_0;  alias, 1 drivers
v0000025d8d1c4190_0 .net "Y", 29 0, L_0000025d8d1d64d0;  alias, 1 drivers
v0000025d8d1c3510_0 .net *"_ivl_0", 31 0, L_0000025d8d1d5850;  1 drivers
L_0000025d8d1d77f8 .functor BUFT 1, C4<0000000000000000000000000000000>, C4<0>, C4<0>, C4<0>;
v0000025d8d1c35b0_0 .net *"_ivl_3", 30 0, L_0000025d8d1d77f8;  1 drivers
L_0000025d8d1d7840 .functor BUFT 1, C4<00000000000000000000000000000001>, C4<0>, C4<0>, C4<0>;
v0000025d8d1c3dd0_0 .net/2u *"_ivl_4", 31 0, L_0000025d8d1d7840;  1 drivers
v0000025d8d1c30b0_0 .net *"_ivl_6", 0 0, L_0000025d8d1d7330;  1 drivers
L_0000025d8d1d5850 .concat [ 1 31 0 0], v0000025d8d1444b0_0, L_0000025d8d1d77f8;
L_0000025d8d1d7330 .cmp/eq 32, L_0000025d8d1d5850, L_0000025d8d1d7840;
L_0000025d8d1d64d0 .functor MUXZ 30, L_0000025d8d1d66b0, L_0000025d8d1d70b0, L_0000025d8d1d7330, C4<>;
S_0000025d8ccf1790 .scope module, "SEXT" "ExtUnit_NPC_206" 10 30, 7 1 0, S_0000025d8ccee070;
 .timescale 0 0;
    .port_info 0 /INPUT 16 "in";
    .port_info 1 /INPUT 1 "ExtOp";
    .port_info 2 /OUTPUT 30 "out";
L_0000025d8d1d7720 .functor BUFT 1, C4<1>, C4<0>, C4<0>, C4<0>;
v0000025d8d1c2b10_0 .net "ExtOp", 0 0, L_0000025d8d1d7720;  1 drivers
v0000025d8d1c3010_0 .net "in", 15 0, L_0000025d8d1d6610;  alias, 1 drivers
v0000025d8d1c3ab0_0 .net "out", 29 0, v0000025d8d1c3bf0_0;  alias, 1 drivers
v0000025d8d1c3bf0_0 .var "out_t", 29 0;
E_0000025d8d163390 .event anyedge, v0000025d8d1c2b10_0, v0000025d8d1c3010_0;
S_0000025d8cc1e800 .scope module, "PC" "PC206" 8 34, 13 1 0, S_0000025d8ccd6a60;
 .timescale 0 0;
    .port_info 0 /INPUT 1 "clk";
    .port_info 1 /INPUT 1 "rst";
    .port_info 2 /INPUT 30 "Next_I_Addr";
    .port_info 3 /OUTPUT 30 "I_Addr";
P_0000025d8d163510 .param/l "Init_Addr" 0 13 6, C4<00000000000000000000000000000000>;
v0000025d8d1c2890_0 .var "I_Addr", 31 2;
v0000025d8d1c2930_0 .net "Next_I_Addr", 31 2, L_0000025d8cd8a5d0;  alias, 1 drivers
v0000025d8d1c31f0_0 .net "clk", 0 0, o0000025d8d170868;  alias, 0 drivers
v0000025d8d1c2bb0_0 .net "rst", 0 0, o0000025d8d172038;  alias, 0 drivers
S_0000025d8cc1e990 .scope module, "MUX_ALU_B" "MUX206" 4 91, 12 1 0, S_0000025d8cc16980;
 .timescale 0 0;
    .port_info 0 /INPUT 32 "A";
    .port_info 1 /INPUT 32 "B";
    .port_info 2 /INPUT 1 "S";
    .port_info 3 /OUTPUT 32 "Y";
P_0000025d8d163ed0 .param/l "WIDTH" 0 12 1, +C4<00000000000000000000000000100000>;
v0000025d8d1ce430_0 .net "A", 31 0, v0000025d8d1c09c0_0;  alias, 1 drivers
v0000025d8d1cd530_0 .net "B", 31 0, L_0000025d8cd89b50;  alias, 1 drivers
v0000025d8d1cd8f0_0 .net "S", 0 0, v0000025d8d1442d0_0;  alias, 1 drivers
v0000025d8d1ce2f0_0 .net "Y", 31 0, L_0000025d8d1d71f0;  alias, 1 drivers
v0000025d8d1ce110_0 .net *"_ivl_0", 31 0, L_0000025d8d1d7470;  1 drivers
L_0000025d8d1d79f0 .functor BUFT 1, C4<0000000000000000000000000000000>, C4<0>, C4<0>, C4<0>;
v0000025d8d1cd0d0_0 .net *"_ivl_3", 30 0, L_0000025d8d1d79f0;  1 drivers
L_0000025d8d1d7a38 .functor BUFT 1, C4<00000000000000000000000000000001>, C4<0>, C4<0>, C4<0>;
v0000025d8d1cddf0_0 .net/2u *"_ivl_4", 31 0, L_0000025d8d1d7a38;  1 drivers
v0000025d8d1cdcb0_0 .net *"_ivl_6", 0 0, L_0000025d8d1d6ed0;  1 drivers
L_0000025d8d1d7470 .concat [ 1 31 0 0], v0000025d8d1442d0_0, L_0000025d8d1d79f0;
L_0000025d8d1d6ed0 .cmp/eq 32, L_0000025d8d1d7470, L_0000025d8d1d7a38;
L_0000025d8d1d71f0 .functor MUXZ 32, L_0000025d8cd89b50, v0000025d8d1c09c0_0, L_0000025d8d1d6ed0, C4<>;
S_0000025d8cc1eb20 .scope module, "MUX_Reg" "MUX206" 4 70, 12 1 0, S_0000025d8cc16980;
 .timescale 0 0;
    .port_info 0 /INPUT 5 "A";
    .port_info 1 /INPUT 5 "B";
    .port_info 2 /INPUT 1 "S";
    .port_info 3 /OUTPUT 5 "Y";
P_0000025d8d1632d0 .param/l "WIDTH" 0 12 1, +C4<00000000000000000000000000000101>;
v0000025d8d1ccd10_0 .net "A", 4 0, L_0000025d8d1d5df0;  alias, 1 drivers
v0000025d8d1cdad0_0 .net "B", 4 0, L_0000025d8d1d5c10;  alias, 1 drivers
v0000025d8d1ce1b0_0 .net "S", 0 0, v0000025d8d145770_0;  alias, 1 drivers
v0000025d8d1cda30_0 .net "Y", 4 0, L_0000025d8d1d7010;  alias, 1 drivers
v0000025d8d1cd210_0 .net *"_ivl_0", 31 0, L_0000025d8d1d6390;  1 drivers
L_0000025d8d1d78d0 .functor BUFT 1, C4<0000000000000000000000000000000>, C4<0>, C4<0>, C4<0>;
v0000025d8d1cd850_0 .net *"_ivl_3", 30 0, L_0000025d8d1d78d0;  1 drivers
L_0000025d8d1d7918 .functor BUFT 1, C4<00000000000000000000000000000001>, C4<0>, C4<0>, C4<0>;
v0000025d8d1cdb70_0 .net/2u *"_ivl_4", 31 0, L_0000025d8d1d7918;  1 drivers
v0000025d8d1ccdb0_0 .net *"_ivl_6", 0 0, L_0000025d8d1d6f70;  1 drivers
L_0000025d8d1d6390 .concat [ 1 31 0 0], v0000025d8d145770_0, L_0000025d8d1d78d0;
L_0000025d8d1d6f70 .cmp/eq 32, L_0000025d8d1d6390, L_0000025d8d1d7918;
L_0000025d8d1d7010 .functor MUXZ 5, L_0000025d8d1d5c10, L_0000025d8d1d5df0, L_0000025d8d1d6f70, C4<>;
S_0000025d8ccdc9f0 .scope module, "MUX_RegWirteSrc" "MUX206" 4 127, 12 1 0, S_0000025d8cc16980;
 .timescale 0 0;
    .port_info 0 /INPUT 32 "A";
    .port_info 1 /INPUT 32 "B";
    .port_info 2 /INPUT 1 "S";
    .port_info 3 /OUTPUT 32 "Y";
P_0000025d8d163710 .param/l "WIDTH" 0 12 1, +C4<00000000000000000000000000100000>;
v0000025d8d1cd5d0_0 .net "A", 31 0, L_0000025d8d1d7290;  alias, 1 drivers
v0000025d8d1ce570_0 .net "B", 31 0, v0000025d8d1c22c0_0;  alias, 1 drivers
v0000025d8d1cce50_0 .net "S", 0 0, v0000025d8d1451d0_0;  alias, 1 drivers
v0000025d8d1cc6d0_0 .net "Y", 31 0, L_0000025d8d1d7510;  alias, 1 drivers
v0000025d8d1cd7b0_0 .net *"_ivl_0", 31 0, L_0000025d8d1d6250;  1 drivers
L_0000025d8d1d7cc0 .functor BUFT 1, C4<0000000000000000000000000000000>, C4<0>, C4<0>, C4<0>;
v0000025d8d1cdc10_0 .net *"_ivl_3", 30 0, L_0000025d8d1d7cc0;  1 drivers
L_0000025d8d1d7d08 .functor BUFT 1, C4<00000000000000000000000000000001>, C4<0>, C4<0>, C4<0>;
v0000025d8d1ccef0_0 .net/2u *"_ivl_4", 31 0, L_0000025d8d1d7d08;  1 drivers
v0000025d8d1cd990_0 .net *"_ivl_6", 0 0, L_0000025d8d1d73d0;  1 drivers
L_0000025d8d1d6250 .concat [ 1 31 0 0], v0000025d8d1451d0_0, L_0000025d8d1d7cc0;
L_0000025d8d1d73d0 .cmp/eq 32, L_0000025d8d1d6250, L_0000025d8d1d7d08;
L_0000025d8d1d7510 .functor MUXZ 32, v0000025d8d1c22c0_0, L_0000025d8d1d7290, L_0000025d8d1d73d0, C4<>;
S_0000025d8d1d3370 .scope module, "Regfile" "Regfile206" 4 78, 14 1 0, S_0000025d8cc16980;
 .timescale 0 0;
    .port_info 0 /INPUT 1 "clk";
    .port_info 1 /INPUT 5 "Rw";
    .port_info 2 /INPUT 5 "Ra";
    .port_info 3 /INPUT 5 "Rb";
    .port_info 4 /INPUT 1 "WrEn";
    .port_info 5 /INPUT 1 "Jal";
    .port_info 6 /INPUT 32 "I_Addr";
    .port_info 7 /INPUT 32 "busW";
    .port_info 8 /OUTPUT 32 "busA";
    .port_info 9 /OUTPUT 32 "busB";
L_0000025d8cd89a70 .functor BUFZ 32, L_0000025d8d1d5710, C4<00000000000000000000000000000000>, C4<00000000000000000000000000000000>, C4<00000000000000000000000000000000>;
L_0000025d8cd89b50 .functor BUFZ 32, L_0000025d8d1d7150, C4<00000000000000000000000000000000>, C4<00000000000000000000000000000000>, C4<00000000000000000000000000000000>;
o0000025d8d172878 .functor BUFZ 32, C4<zzzzzzzzzzzzzzzzzzzzzzzzzzzzzzzz>; HiZ drive
v0000025d8d1cc810_0 .net "I_Addr", 31 0, o0000025d8d172878;  0 drivers
v0000025d8d1cdd50_0 .net "Jal", 0 0, v0000025d8d1458b0_0;  alias, 1 drivers
v0000025d8d1cde90_0 .net "Ra", 4 0, L_0000025d8d1d5990;  alias, 1 drivers
v0000025d8d1cca90_0 .net "Rb", 4 0, L_0000025d8d1d5c10;  alias, 1 drivers
v0000025d8d1cd170 .array "Register", 0 31, 31 0;
v0000025d8d1cd2b0_0 .net "Rw", 4 0, L_0000025d8d1d7010;  alias, 1 drivers
v0000025d8d1ce390_0 .net "WrEn", 0 0, L_0000025d8d22fac0;  1 drivers
v0000025d8d1ce4d0_0 .net *"_ivl_0", 31 0, L_0000025d8d1d5710;  1 drivers
v0000025d8d1cc8b0_0 .net *"_ivl_10", 6 0, L_0000025d8d1d5ad0;  1 drivers
L_0000025d8d1d79a8 .functor BUFT 1, C4<00>, C4<0>, C4<0>, C4<0>;
v0000025d8d1cc950_0 .net *"_ivl_13", 1 0, L_0000025d8d1d79a8;  1 drivers
v0000025d8d1ccb30_0 .net *"_ivl_2", 6 0, L_0000025d8d1d5d50;  1 drivers
L_0000025d8d1d7960 .functor BUFT 1, C4<00>, C4<0>, C4<0>, C4<0>;
v0000025d8d1ccbd0_0 .net *"_ivl_5", 1 0, L_0000025d8d1d7960;  1 drivers
v0000025d8d1cd350_0 .net *"_ivl_8", 31 0, L_0000025d8d1d7150;  1 drivers
v0000025d8d1ccc70_0 .net "busA", 31 0, L_0000025d8cd89a70;  alias, 1 drivers
v0000025d8d1cd3f0_0 .net "busB", 31 0, L_0000025d8cd89b50;  alias, 1 drivers
v0000025d8d1d46a0_0 .net "busW", 31 0, L_0000025d8d1d7510;  alias, 1 drivers
v0000025d8d1d4920_0 .net "clk", 0 0, o0000025d8d170868;  alias, 0 drivers
L_0000025d8d1d5710 .array/port v0000025d8d1cd170, L_0000025d8d1d5d50;
L_0000025d8d1d5d50 .concat [ 5 2 0 0], L_0000025d8d1d5990, L_0000025d8d1d7960;
L_0000025d8d1d7150 .array/port v0000025d8d1cd170, L_0000025d8d1d5ad0;
L_0000025d8d1d5ad0 .concat [ 5 2 0 0], L_0000025d8d1d5c10, L_0000025d8d1d79a8;
    .scope S_0000025d8ccf1790;
T_0 ;
    %wait E_0000025d8d163390;
    %load/vec4 v0000025d8d1c2b10_0;
    %pad/u 32;
    %cmpi/e 1, 0, 32;
    %jmp/0xz  T_0.0, 4;
    %load/vec4 v0000025d8d1c3010_0;
    %ix/load 4, 0, 0;
    %flag_set/imm 4, 0;
    %store/vec4 v0000025d8d1c3bf0_0, 4, 16;
    %load/vec4 v0000025d8d1c3010_0;
    %parti/s 1, 15, 5;
    %cmpi/e 1, 0, 1;
    %jmp/0xz  T_0.2, 4;
    %pushi/vec4 16383, 0, 14;
    %ix/load 4, 16, 0;
    %flag_set/imm 4, 0;
    %store/vec4 v0000025d8d1c3bf0_0, 4, 14;
    %jmp T_0.3;
T_0.2 ;
    %load/vec4 v0000025d8d1c3010_0;
    %parti/s 1, 15, 5;
    %cmpi/e 0, 0, 1;
    %jmp/0xz  T_0.4, 4;
    %pushi/vec4 0, 0, 14;
    %ix/load 4, 16, 0;
    %flag_set/imm 4, 0;
    %store/vec4 v0000025d8d1c3bf0_0, 4, 14;
T_0.4 ;
T_0.3 ;
    %jmp T_0.1;
T_0.0 ;
    %load/vec4 v0000025d8d1c2b10_0;
    %pad/u 32;
    %cmpi/e 0, 0, 32;
    %jmp/0xz  T_0.6, 4;
    %load/vec4 v0000025d8d1c3010_0;
    %ix/load 4, 0, 0;
    %flag_set/imm 4, 0;
    %store/vec4 v0000025d8d1c3bf0_0, 4, 16;
    %pushi/vec4 0, 0, 14;
    %ix/load 4, 16, 0;
    %flag_set/imm 4, 0;
    %store/vec4 v0000025d8d1c3bf0_0, 4, 14;
T_0.6 ;
T_0.1 ;
    %jmp T_0;
    .thread T_0, $push;
    .scope S_0000025d8ccee200;
T_1 ;
    %wait E_0000025d8d163890;
    %load/vec4 v0000025d8d1c16e0_0;
    %cmpi/e 1, 0, 1;
    %jmp/0xz  T_1.0, 4;
    %load/vec4 v0000025d8d1c1a00_0;
    %dup/vec4;
    %pushi/vec4 4, 0, 6;
    %cmp/u;
    %jmp/1 T_1.2, 6;
    %dup/vec4;
    %pushi/vec4 1, 0, 6;
    %cmp/u;
    %jmp/1 T_1.3, 6;
    %jmp T_1.4;
T_1.2 ;
    %load/vec4 v0000025d8d1c42d0_0;
    %load/vec4 v0000025d8d1c16e0_0;
    %and;
    %assign/vec4 v0000025d8d1c18c0_0, 0;
    %jmp T_1.4;
T_1.3 ;
    %load/vec4 v0000025d8d1c42d0_0;
    %pad/u 32;
    %load/vec4 v0000025d8d1c4230_0;
    %pad/u 32;
    %load/vec4 v0000025d8d1c3470_0;
    %pad/u 32;
    %xor;
    %add;
    %pushi/vec4 0, 0, 32;
    %cmp/e;
    %flag_get/vec4 4;
    %assign/vec4 v0000025d8d1c18c0_0, 0;
    %jmp T_1.4;
T_1.4 ;
    %pop/vec4 1;
    %jmp T_1.1;
T_1.0 ;
    %pushi/vec4 0, 0, 1;
    %assign/vec4 v0000025d8d1c18c0_0, 0;
T_1.1 ;
    %jmp T_1;
    .thread T_1, $push;
    .scope S_0000025d8cc1e800;
T_2 ;
    %wait E_0000025d8d163610;
    %load/vec4 v0000025d8d1c2bb0_0;
    %pad/u 32;
    %cmpi/e 1, 0, 32;
    %jmp/0xz  T_2.0, 4;
    %pushi/vec4 0, 0, 30;
    %assign/vec4 v0000025d8d1c2890_0, 0;
    %jmp T_2.1;
T_2.0 ;
    %load/vec4 v0000025d8d1c2930_0;
    %assign/vec4 v0000025d8d1c2890_0, 0;
T_2.1 ;
    %jmp T_2;
    .thread T_2;
    .scope S_0000025d8ccd6cb0;
T_3 ;
    %vpi_call 9 7 "$readmemb", "Code_36.txt", v0000025d8d1c0f60 {0 0 0};
    %end;
    .thread T_3;
    .scope S_0000025d8d1d3370;
T_4 ;
    %wait E_0000025d8d163610;
    %load/vec4 v0000025d8d1ce390_0;
    %pad/u 32;
    %cmpi/e 1, 0, 32;
    %jmp/0xz  T_4.0, 4;
    %load/vec4 v0000025d8d1d46a0_0;
    %load/vec4 v0000025d8d1cd2b0_0;
    %pad/u 7;
    %ix/vec4 3;
    %ix/load 4, 0, 0; Constant delay
    %assign/vec4/a/d v0000025d8d1cd170, 0, 4;
    %jmp T_4.1;
T_4.0 ;
    %load/vec4 v0000025d8d1ce390_0;
    %pad/u 32;
    %pushi/vec4 1, 0, 32;
    %cmp/e;
    %flag_get/vec4 4;
    %load/vec4 v0000025d8d1cdd50_0;
    %pad/u 32;
    %pushi/vec4 1, 0, 32;
    %cmp/e;
    %flag_get/vec4 4;
    %and;
    %flag_set/vec4 8;
    %jmp/0xz  T_4.2, 8;
    %load/vec4 v0000025d8d1cc810_0;
    %ix/load 3, 31, 0;
    %flag_set/imm 4, 0;
    %ix/load 4, 0, 0; Constant delay
    %assign/vec4/a/d v0000025d8d1cd170, 0, 4;
T_4.2 ;
T_4.1 ;
    %jmp T_4;
    .thread T_4;
    .scope S_0000025d8d1d3370;
T_5 ;
    %vpi_call 14 27 "$readmemh", "RegInit.txt", v0000025d8d1cd170 {0 0 0};
    %end;
    .thread T_5;
    .scope S_0000025d8cce5370;
T_6 ;
    %pushi/vec4 0, 0, 1;
    %store/vec4 v0000025d8d1c1500_0, 0, 1;
    %pushi/vec4 0, 0, 1;
    %store/vec4 v0000025d8d1c2040_0, 0, 1;
    %end;
    .thread T_6;
    .scope S_0000025d8cce5370;
T_7 ;
    %wait E_0000025d8d163e90;
    %load/vec4 v0000025d8d1c1c80_0;
    %dup/vec4;
    %pushi/vec4 0, 0, 5;
    %cmp/u;
    %jmp/1 T_7.0, 6;
    %dup/vec4;
    %pushi/vec4 1, 0, 5;
    %cmp/u;
    %jmp/1 T_7.1, 6;
    %dup/vec4;
    %pushi/vec4 2, 0, 5;
    %cmp/u;
    %jmp/1 T_7.2, 6;
    %dup/vec4;
    %pushi/vec4 3, 0, 5;
    %cmp/u;
    %jmp/1 T_7.3, 6;
    %dup/vec4;
    %pushi/vec4 4, 0, 5;
    %cmp/u;
    %jmp/1 T_7.4, 6;
    %dup/vec4;
    %pushi/vec4 5, 0, 5;
    %cmp/u;
    %jmp/1 T_7.5, 6;
    %dup/vec4;
    %pushi/vec4 6, 0, 5;
    %cmp/u;
    %jmp/1 T_7.6, 6;
    %dup/vec4;
    %pushi/vec4 7, 0, 5;
    %cmp/u;
    %jmp/1 T_7.7, 6;
    %dup/vec4;
    %pushi/vec4 8, 0, 5;
    %cmp/u;
    %jmp/1 T_7.8, 6;
    %dup/vec4;
    %pushi/vec4 9, 0, 5;
    %cmp/u;
    %jmp/1 T_7.9, 6;
    %dup/vec4;
    %pushi/vec4 10, 0, 5;
    %cmp/u;
    %jmp/1 T_7.10, 6;
    %dup/vec4;
    %pushi/vec4 11, 0, 5;
    %cmp/u;
    %jmp/1 T_7.11, 6;
    %dup/vec4;
    %pushi/vec4 12, 0, 5;
    %cmp/u;
    %jmp/1 T_7.12, 6;
    %dup/vec4;
    %pushi/vec4 13, 0, 5;
    %cmp/u;
    %jmp/1 T_7.13, 6;
    %dup/vec4;
    %pushi/vec4 14, 0, 5;
    %cmp/u;
    %jmp/1 T_7.14, 6;
    %dup/vec4;
    %pushi/vec4 15, 0, 5;
    %cmp/u;
    %jmp/1 T_7.15, 6;
    %dup/vec4;
    %pushi/vec4 16, 0, 5;
    %cmp/u;
    %jmp/1 T_7.16, 6;
    %dup/vec4;
    %pushi/vec4 17, 0, 5;
    %cmp/u;
    %jmp/1 T_7.17, 6;
    %dup/vec4;
    %pushi/vec4 18, 0, 5;
    %cmp/u;
    %jmp/1 T_7.18, 6;
    %dup/vec4;
    %pushi/vec4 30, 0, 5;
    %cmp/u;
    %jmp/1 T_7.19, 6;
    %dup/vec4;
    %pushi/vec4 31, 0, 5;
    %cmp/u;
    %jmp/1 T_7.20, 6;
    %pushi/vec4 0, 0, 32;
    %assign/vec4 v0000025d8d1c22c0_0, 0;
    %pushi/vec4 0, 0, 1;
    %store/vec4 v0000025d8d1c1500_0, 0, 1;
    %pushi/vec4 0, 0, 1;
    %store/vec4 v0000025d8d1c2040_0, 0, 1;
    %jmp T_7.22;
T_7.0 ;
    %load/vec4 v0000025d8d1c1b40_0;
    %parti/s 1, 31, 6;
    %load/vec4 v0000025d8d1c1b40_0;
    %concat/vec4; draw_concat_vec4
    %load/vec4 v0000025d8d1c2400_0;
    %parti/s 1, 31, 6;
    %load/vec4 v0000025d8d1c2400_0;
    %concat/vec4; draw_concat_vec4
    %add;
    %assign/vec4 v0000025d8d1c1d20_0, 0;
    %load/vec4 v0000025d8d1c1b40_0;
    %load/vec4 v0000025d8d1c2400_0;
    %add;
    %assign/vec4 v0000025d8d1c22c0_0, 0;
    %load/vec4 v0000025d8d1c1d20_0;
    %pad/u 32;
    %store/vec4 v0000025d8d1c1960_0, 0, 32;
    %load/vec4 v0000025d8d1c1d20_0;
    %parti/s 32, 0, 2;
    %store/vec4 v0000025d8d1c1dc0_0, 0, 32;
    %load/vec4 v0000025d8d1c1960_0;
    %load/vec4 v0000025d8d1c1dc0_0;
    %cmp/ne;
    %flag_get/vec4 4;
    %store/vec4 v0000025d8d1c1500_0, 0, 1;
    %jmp T_7.22;
T_7.1 ;
    %load/vec4 v0000025d8d1c1b40_0;
    %load/vec4 v0000025d8d1c2400_0;
    %add;
    %assign/vec4 v0000025d8d1c22c0_0, 0;
    %pushi/vec4 0, 0, 1;
    %store/vec4 v0000025d8d1c1500_0, 0, 1;
    %jmp T_7.22;
T_7.2 ;
    %load/vec4 v0000025d8d1c1b40_0;
    %parti/s 1, 31, 6;
    %load/vec4 v0000025d8d1c1b40_0;
    %concat/vec4; draw_concat_vec4
    %load/vec4 v0000025d8d1c2400_0;
    %parti/s 1, 31, 6;
    %load/vec4 v0000025d8d1c2400_0;
    %concat/vec4; draw_concat_vec4
    %sub;
    %assign/vec4 v0000025d8d1c1d20_0, 0;
    %load/vec4 v0000025d8d1c1b40_0;
    %load/vec4 v0000025d8d1c2400_0;
    %sub;
    %assign/vec4 v0000025d8d1c22c0_0, 0;
    %load/vec4 v0000025d8d1c1d20_0;
    %pad/u 32;
    %store/vec4 v0000025d8d1c1960_0, 0, 32;
    %load/vec4 v0000025d8d1c1d20_0;
    %parti/s 32, 0, 2;
    %store/vec4 v0000025d8d1c1dc0_0, 0, 32;
    %load/vec4 v0000025d8d1c1960_0;
    %load/vec4 v0000025d8d1c1dc0_0;
    %cmp/ne;
    %flag_get/vec4 4;
    %store/vec4 v0000025d8d1c1500_0, 0, 1;
    %jmp T_7.22;
T_7.3 ;
    %load/vec4 v0000025d8d1c1b40_0;
    %load/vec4 v0000025d8d1c2400_0;
    %sub;
    %assign/vec4 v0000025d8d1c22c0_0, 0;
    %pushi/vec4 0, 0, 1;
    %store/vec4 v0000025d8d1c1500_0, 0, 1;
    %jmp T_7.22;
T_7.4 ;
    %load/vec4 v0000025d8d1c1b40_0;
    %load/vec4 v0000025d8d1c2400_0;
    %and;
    %store/vec4 v0000025d8d1c22c0_0, 0, 32;
    %pushi/vec4 0, 0, 1;
    %store/vec4 v0000025d8d1c1500_0, 0, 1;
    %jmp T_7.22;
T_7.5 ;
    %load/vec4 v0000025d8d1c1b40_0;
    %load/vec4 v0000025d8d1c2400_0;
    %or;
    %store/vec4 v0000025d8d1c22c0_0, 0, 32;
    %pushi/vec4 0, 0, 1;
    %store/vec4 v0000025d8d1c1500_0, 0, 1;
    %jmp T_7.22;
T_7.6 ;
    %load/vec4 v0000025d8d1c1b40_0;
    %load/vec4 v0000025d8d1c2400_0;
    %xor;
    %store/vec4 v0000025d8d1c22c0_0, 0, 32;
    %pushi/vec4 0, 0, 1;
    %store/vec4 v0000025d8d1c1500_0, 0, 1;
    %jmp T_7.22;
T_7.7 ;
    %load/vec4 v0000025d8d1c1b40_0;
    %inv;
    %store/vec4 v0000025d8d1c22c0_0, 0, 32;
    %pushi/vec4 0, 0, 1;
    %store/vec4 v0000025d8d1c1500_0, 0, 1;
    %jmp T_7.22;
T_7.8 ;
    %load/vec4 v0000025d8d1c2400_0;
    %ix/getv 4, v0000025d8d1c20e0_0;
    %shiftl 4;
    %store/vec4 v0000025d8d1c22c0_0, 0, 32;
    %pushi/vec4 0, 0, 1;
    %store/vec4 v0000025d8d1c1500_0, 0, 1;
    %jmp T_7.22;
T_7.9 ;
    %load/vec4 v0000025d8d1c2400_0;
    %ix/getv 4, v0000025d8d1c20e0_0;
    %shiftr 4;
    %store/vec4 v0000025d8d1c22c0_0, 0, 32;
    %pushi/vec4 0, 0, 1;
    %store/vec4 v0000025d8d1c1500_0, 0, 1;
    %jmp T_7.22;
T_7.10 ;
    %load/vec4 v0000025d8d1c2400_0;
    %ix/getv 4, v0000025d8d1c20e0_0;
    %shiftl 4;
    %store/vec4 v0000025d8d1c22c0_0, 0, 32;
    %pushi/vec4 0, 0, 1;
    %store/vec4 v0000025d8d1c1500_0, 0, 1;
    %jmp T_7.22;
T_7.11 ;
    %load/vec4 v0000025d8d1c2400_0;
    %ix/getv 4, v0000025d8d1c20e0_0;
    %shiftr/s 4;
    %store/vec4 v0000025d8d1c22c0_0, 0, 32;
    %pushi/vec4 0, 0, 1;
    %store/vec4 v0000025d8d1c1500_0, 0, 1;
    %jmp T_7.22;
T_7.12 ;
    %load/vec4 v0000025d8d1c1b40_0;
    %load/vec4 v0000025d8d1c2400_0;
    %cmp/s;
    %flag_get/vec4 5;
    %pad/u 32;
    %store/vec4 v0000025d8d1c22c0_0, 0, 32;
    %pushi/vec4 0, 0, 1;
    %store/vec4 v0000025d8d1c1500_0, 0, 1;
    %jmp T_7.22;
T_7.13 ;
    %load/vec4 v0000025d8d1c1b40_0;
    %load/vec4 v0000025d8d1c2400_0;
    %cmp/u;
    %flag_get/vec4 5;
    %pad/u 32;
    %store/vec4 v0000025d8d1c22c0_0, 0, 32;
    %pushi/vec4 0, 0, 1;
    %store/vec4 v0000025d8d1c1500_0, 0, 1;
    %jmp T_7.22;
T_7.14 ;
    %load/vec4 v0000025d8d1c1b40_0;
    %load/vec4 v0000025d8d1c2400_0;
    %or;
    %inv;
    %store/vec4 v0000025d8d1c22c0_0, 0, 32;
    %pushi/vec4 0, 0, 1;
    %store/vec4 v0000025d8d1c1500_0, 0, 1;
    %jmp T_7.22;
T_7.15 ;
    %load/vec4 v0000025d8d1c2400_0;
    %ix/getv 4, v0000025d8d1c1b40_0;
    %shiftl 4;
    %store/vec4 v0000025d8d1c22c0_0, 0, 32;
    %pushi/vec4 0, 0, 1;
    %store/vec4 v0000025d8d1c1500_0, 0, 1;
    %jmp T_7.22;
T_7.16 ;
    %load/vec4 v0000025d8d1c2400_0;
    %ix/getv 4, v0000025d8d1c1b40_0;
    %shiftr 4;
    %store/vec4 v0000025d8d1c22c0_0, 0, 32;
    %pushi/vec4 0, 0, 1;
    %store/vec4 v0000025d8d1c1500_0, 0, 1;
    %jmp T_7.22;
T_7.17 ;
    %load/vec4 v0000025d8d1c2400_0;
    %ix/getv 4, v0000025d8d1c1b40_0;
    %shiftl 4;
    %store/vec4 v0000025d8d1c22c0_0, 0, 32;
    %pushi/vec4 0, 0, 1;
    %store/vec4 v0000025d8d1c1500_0, 0, 1;
    %jmp T_7.22;
T_7.18 ;
    %load/vec4 v0000025d8d1c2400_0;
    %ix/getv 4, v0000025d8d1c1b40_0;
    %shiftr/s 4;
    %store/vec4 v0000025d8d1c22c0_0, 0, 32;
    %pushi/vec4 0, 0, 1;
    %store/vec4 v0000025d8d1c1500_0, 0, 1;
    %jmp T_7.22;
T_7.19 ;
    %load/vec4 v0000025d8d1c2400_0;
    %assign/vec4 v0000025d8d1c22c0_0, 0;
    %pushi/vec4 0, 0, 1;
    %store/vec4 v0000025d8d1c1500_0, 0, 1;
    %jmp T_7.22;
T_7.20 ;
    %load/vec4 v0000025d8d1c1b40_0;
    %assign/vec4 v0000025d8d1c22c0_0, 0;
    %pushi/vec4 0, 0, 1;
    %store/vec4 v0000025d8d1c1500_0, 0, 1;
    %jmp T_7.22;
T_7.22 ;
    %pop/vec4 1;
    %load/vec4 v0000025d8d1c22c0_0;
    %cmpi/e 0, 0, 32;
    %jmp/0xz  T_7.23, 4;
    %pushi/vec4 1, 0, 1;
    %store/vec4 v0000025d8d1c2040_0, 0, 1;
    %jmp T_7.24;
T_7.23 ;
    %pushi/vec4 0, 0, 1;
    %store/vec4 v0000025d8d1c2040_0, 0, 1;
T_7.24 ;
    %load/vec4 v0000025d8d1c22c0_0;
    %cmpi/s 0, 0, 32;
    %flag_inv 5; GE is !LT
    %jmp/0xz  T_7.25, 5;
    %pushi/vec4 0, 0, 1;
    %store/vec4 v0000025d8d1c0ba0_0, 0, 1;
T_7.25 ;
    %jmp T_7;
    .thread T_7, $push;
    .scope S_0000025d8cce5690;
T_8 ;
    %wait E_0000025d8d163650;
    %load/vec4 v0000025d8d1c0a60_0;
    %cmpi/e 1, 0, 2;
    %jmp/0xz  T_8.0, 4;
    %load/vec4 v0000025d8d1c1140_0;
    %ix/load 4, 0, 0;
    %flag_set/imm 4, 0;
    %store/vec4 v0000025d8d1c09c0_0, 4, 16;
    %load/vec4 v0000025d8d1c1140_0;
    %parti/s 1, 15, 5;
    %cmpi/e 1, 0, 1;
    %jmp/0xz  T_8.2, 4;
    %pushi/vec4 65535, 0, 16;
    %ix/load 4, 16, 0;
    %flag_set/imm 4, 0;
    %store/vec4 v0000025d8d1c09c0_0, 4, 16;
    %jmp T_8.3;
T_8.2 ;
    %load/vec4 v0000025d8d1c1140_0;
    %parti/s 1, 15, 5;
    %cmpi/e 0, 0, 1;
    %jmp/0xz  T_8.4, 4;
    %pushi/vec4 0, 0, 16;
    %ix/load 4, 16, 0;
    %flag_set/imm 4, 0;
    %store/vec4 v0000025d8d1c09c0_0, 4, 16;
T_8.4 ;
T_8.3 ;
    %jmp T_8.1;
T_8.0 ;
    %load/vec4 v0000025d8d1c0a60_0;
    %cmpi/e 0, 0, 2;
    %jmp/0xz  T_8.6, 4;
    %load/vec4 v0000025d8d1c1140_0;
    %ix/load 4, 0, 0;
    %flag_set/imm 4, 0;
    %store/vec4 v0000025d8d1c09c0_0, 4, 16;
    %pushi/vec4 0, 0, 16;
    %ix/load 4, 16, 0;
    %flag_set/imm 4, 0;
    %store/vec4 v0000025d8d1c09c0_0, 4, 16;
    %jmp T_8.7;
T_8.6 ;
    %load/vec4 v0000025d8d1c0a60_0;
    %cmpi/e 2, 0, 2;
    %jmp/0xz  T_8.8, 4;
    %load/vec4 v0000025d8d1c1140_0;
    %ix/load 4, 16, 0;
    %flag_set/imm 4, 0;
    %store/vec4 v0000025d8d1c09c0_0, 4, 16;
    %pushi/vec4 0, 0, 16;
    %ix/load 4, 0, 0;
    %flag_set/imm 4, 0;
    %store/vec4 v0000025d8d1c09c0_0, 4, 16;
T_8.8 ;
T_8.7 ;
T_8.1 ;
    %jmp T_8;
    .thread T_8, $push;
    .scope S_0000025d8cce5500;
T_9 ;
    %wait E_0000025d8d163610;
    %load/vec4 v0000025d8d1c1320_0;
    %flag_set/vec4 8;
    %jmp/0xz  T_9.0, 8;
    %load/vec4 v0000025d8d1c2220_0;
    %parti/s 8, 0, 2;
    %load/vec4 v0000025d8d1c2180_0;
    %pad/u 33;
    %addi 0, 0, 33;
    %ix/vec4 3;
    %ix/load 4, 0, 0; Constant delay
    %assign/vec4/a/d v0000025d8d1c1e60, 0, 4;
    %load/vec4 v0000025d8d1c2220_0;
    %parti/s 8, 8, 5;
    %load/vec4 v0000025d8d1c2180_0;
    %pad/u 33;
    %addi 1, 0, 33;
    %ix/vec4 3;
    %ix/load 4, 0, 0; Constant delay
    %assign/vec4/a/d v0000025d8d1c1e60, 0, 4;
    %load/vec4 v0000025d8d1c2220_0;
    %parti/s 8, 16, 6;
    %load/vec4 v0000025d8d1c2180_0;
    %pad/u 33;
    %addi 2, 0, 33;
    %ix/vec4 3;
    %ix/load 4, 0, 0; Constant delay
    %assign/vec4/a/d v0000025d8d1c1e60, 0, 4;
    %load/vec4 v0000025d8d1c2220_0;
    %parti/s 8, 24, 6;
    %load/vec4 v0000025d8d1c2180_0;
    %pad/u 33;
    %addi 3, 0, 33;
    %ix/vec4 3;
    %ix/load 4, 0, 0; Constant delay
    %assign/vec4/a/d v0000025d8d1c1e60, 0, 4;
T_9.0 ;
    %jmp T_9;
    .thread T_9;
    .scope S_0000025d8ccf59e0;
T_10 ;
    %wait E_0000025d8d163fd0;
    %load/vec4 v0000025d8d144910_0;
    %cmpi/e 0, 0, 6;
    %jmp/0xz  T_10.0, 4;
    %load/vec4 v0000025d8cd1f6d0_0;
    %dup/vec4;
    %pushi/vec4 32, 0, 6;
    %cmp/u;
    %jmp/1 T_10.2, 6;
    %dup/vec4;
    %pushi/vec4 33, 0, 6;
    %cmp/u;
    %jmp/1 T_10.3, 6;
    %dup/vec4;
    %pushi/vec4 34, 0, 6;
    %cmp/u;
    %jmp/1 T_10.4, 6;
    %dup/vec4;
    %pushi/vec4 35, 0, 6;
    %cmp/u;
    %jmp/1 T_10.5, 6;
    %dup/vec4;
    %pushi/vec4 36, 0, 6;
    %cmp/u;
    %jmp/1 T_10.6, 6;
    %dup/vec4;
    %pushi/vec4 37, 0, 6;
    %cmp/u;
    %jmp/1 T_10.7, 6;
    %dup/vec4;
    %pushi/vec4 39, 0, 6;
    %cmp/u;
    %jmp/1 T_10.8, 6;
    %dup/vec4;
    %pushi/vec4 38, 0, 6;
    %cmp/u;
    %jmp/1 T_10.9, 6;
    %dup/vec4;
    %pushi/vec4 42, 0, 6;
    %cmp/u;
    %jmp/1 T_10.10, 6;
    %dup/vec4;
    %pushi/vec4 43, 0, 6;
    %cmp/u;
    %jmp/1 T_10.11, 6;
    %dup/vec4;
    %pushi/vec4 0, 0, 6;
    %cmp/u;
    %jmp/1 T_10.12, 6;
    %dup/vec4;
    %pushi/vec4 2, 0, 6;
    %cmp/u;
    %jmp/1 T_10.13, 6;
    %dup/vec4;
    %pushi/vec4 3, 0, 6;
    %cmp/u;
    %jmp/1 T_10.14, 6;
    %dup/vec4;
    %pushi/vec4 4, 0, 6;
    %cmp/u;
    %jmp/1 T_10.15, 6;
    %dup/vec4;
    %pushi/vec4 6, 0, 6;
    %cmp/u;
    %jmp/1 T_10.16, 6;
    %dup/vec4;
    %pushi/vec4 7, 0, 6;
    %cmp/u;
    %jmp/1 T_10.17, 6;
    %jmp T_10.18;
T_10.2 ;
    %pushi/vec4 0, 0, 1;
    %store/vec4 v0000025d8d144cd0_0, 0, 1;
    %pushi/vec4 0, 0, 1;
    %store/vec4 v0000025d8d1444b0_0, 0, 1;
    %pushi/vec4 1, 0, 1;
    %store/vec4 v0000025d8d145770_0, 0, 1;
    %pushi/vec4 0, 0, 1;
    %store/vec4 v0000025d8d1442d0_0, 0, 1;
    %pushi/vec4 0, 0, 5;
    %store/vec4 v0000025d8d145090_0, 0, 5;
    %pushi/vec4 0, 0, 1;
    %store/vec4 v0000025d8d1451d0_0, 0, 1;
    %pushi/vec4 1, 0, 1;
    %store/vec4 v0000025d8d144d70_0, 0, 1;
    %pushi/vec4 0, 0, 1;
    %store/vec4 v0000025d8d144870_0, 0, 1;
    %pushi/vec4 1, 1, 2;
    %store/vec4 v0000025d8d144370_0, 0, 2;
    %pushi/vec4 1, 0, 1;
    %store/vec4 v0000025d8d145810_0, 0, 1;
    %pushi/vec4 0, 0, 1;
    %store/vec4 v0000025d8d1458b0_0, 0, 1;
    %pushi/vec4 0, 0, 1;
    %store/vec4 v0000025d8d1459f0_0, 0, 1;
    %jmp T_10.18;
T_10.3 ;
    %pushi/vec4 0, 0, 1;
    %store/vec4 v0000025d8d144cd0_0, 0, 1;
    %pushi/vec4 0, 0, 1;
    %store/vec4 v0000025d8d1444b0_0, 0, 1;
    %pushi/vec4 1, 0, 1;
    %store/vec4 v0000025d8d145770_0, 0, 1;
    %pushi/vec4 0, 0, 1;
    %store/vec4 v0000025d8d1442d0_0, 0, 1;
    %pushi/vec4 1, 0, 5;
    %store/vec4 v0000025d8d145090_0, 0, 5;
    %pushi/vec4 0, 0, 1;
    %store/vec4 v0000025d8d1451d0_0, 0, 1;
    %pushi/vec4 1, 0, 1;
    %store/vec4 v0000025d8d144d70_0, 0, 1;
    %pushi/vec4 0, 0, 1;
    %store/vec4 v0000025d8d144870_0, 0, 1;
    %pushi/vec4 1, 1, 2;
    %store/vec4 v0000025d8d144370_0, 0, 2;
    %pushi/vec4 1, 0, 1;
    %store/vec4 v0000025d8d145810_0, 0, 1;
    %pushi/vec4 0, 0, 1;
    %store/vec4 v0000025d8d1458b0_0, 0, 1;
    %pushi/vec4 0, 0, 1;
    %store/vec4 v0000025d8d1459f0_0, 0, 1;
    %jmp T_10.18;
T_10.4 ;
    %pushi/vec4 0, 0, 1;
    %store/vec4 v0000025d8d144cd0_0, 0, 1;
    %pushi/vec4 0, 0, 1;
    %store/vec4 v0000025d8d1444b0_0, 0, 1;
    %pushi/vec4 1, 0, 1;
    %store/vec4 v0000025d8d145770_0, 0, 1;
    %pushi/vec4 0, 0, 1;
    %store/vec4 v0000025d8d1442d0_0, 0, 1;
    %pushi/vec4 2, 0, 5;
    %store/vec4 v0000025d8d145090_0, 0, 5;
    %pushi/vec4 0, 0, 1;
    %store/vec4 v0000025d8d1451d0_0, 0, 1;
    %pushi/vec4 1, 0, 1;
    %store/vec4 v0000025d8d144d70_0, 0, 1;
    %pushi/vec4 0, 0, 1;
    %store/vec4 v0000025d8d144870_0, 0, 1;
    %pushi/vec4 1, 1, 2;
    %store/vec4 v0000025d8d144370_0, 0, 2;
    %pushi/vec4 1, 0, 1;
    %store/vec4 v0000025d8d145810_0, 0, 1;
    %pushi/vec4 0, 0, 1;
    %store/vec4 v0000025d8d1458b0_0, 0, 1;
    %pushi/vec4 0, 0, 1;
    %store/vec4 v0000025d8d1459f0_0, 0, 1;
    %jmp T_10.18;
T_10.5 ;
    %pushi/vec4 0, 0, 1;
    %store/vec4 v0000025d8d144cd0_0, 0, 1;
    %pushi/vec4 0, 0, 1;
    %store/vec4 v0000025d8d1444b0_0, 0, 1;
    %pushi/vec4 1, 0, 1;
    %store/vec4 v0000025d8d145770_0, 0, 1;
    %pushi/vec4 0, 0, 1;
    %store/vec4 v0000025d8d1442d0_0, 0, 1;
    %pushi/vec4 3, 0, 5;
    %store/vec4 v0000025d8d145090_0, 0, 5;
    %pushi/vec4 0, 0, 1;
    %store/vec4 v0000025d8d1451d0_0, 0, 1;
    %pushi/vec4 1, 0, 1;
    %store/vec4 v0000025d8d144d70_0, 0, 1;
    %pushi/vec4 0, 0, 1;
    %store/vec4 v0000025d8d144870_0, 0, 1;
    %pushi/vec4 1, 1, 2;
    %store/vec4 v0000025d8d144370_0, 0, 2;
    %pushi/vec4 1, 0, 1;
    %store/vec4 v0000025d8d145810_0, 0, 1;
    %pushi/vec4 0, 0, 1;
    %store/vec4 v0000025d8d1458b0_0, 0, 1;
    %pushi/vec4 0, 0, 1;
    %store/vec4 v0000025d8d1459f0_0, 0, 1;
    %jmp T_10.18;
T_10.6 ;
    %pushi/vec4 0, 0, 1;
    %store/vec4 v0000025d8d144cd0_0, 0, 1;
    %pushi/vec4 0, 0, 1;
    %store/vec4 v0000025d8d1444b0_0, 0, 1;
    %pushi/vec4 1, 0, 1;
    %store/vec4 v0000025d8d145770_0, 0, 1;
    %pushi/vec4 0, 0, 1;
    %store/vec4 v0000025d8d1442d0_0, 0, 1;
    %pushi/vec4 4, 0, 5;
    %store/vec4 v0000025d8d145090_0, 0, 5;
    %pushi/vec4 0, 0, 1;
    %store/vec4 v0000025d8d1451d0_0, 0, 1;
    %pushi/vec4 1, 0, 1;
    %store/vec4 v0000025d8d144d70_0, 0, 1;
    %pushi/vec4 0, 0, 1;
    %store/vec4 v0000025d8d144870_0, 0, 1;
    %pushi/vec4 1, 1, 2;
    %store/vec4 v0000025d8d144370_0, 0, 2;
    %pushi/vec4 1, 0, 1;
    %store/vec4 v0000025d8d145810_0, 0, 1;
    %pushi/vec4 0, 0, 1;
    %store/vec4 v0000025d8d1458b0_0, 0, 1;
    %pushi/vec4 0, 0, 1;
    %store/vec4 v0000025d8d1459f0_0, 0, 1;
    %jmp T_10.18;
T_10.7 ;
    %pushi/vec4 0, 0, 1;
    %store/vec4 v0000025d8d144cd0_0, 0, 1;
    %pushi/vec4 0, 0, 1;
    %store/vec4 v0000025d8d1444b0_0, 0, 1;
    %pushi/vec4 1, 0, 1;
    %store/vec4 v0000025d8d145770_0, 0, 1;
    %pushi/vec4 0, 0, 1;
    %store/vec4 v0000025d8d1442d0_0, 0, 1;
    %pushi/vec4 5, 0, 5;
    %store/vec4 v0000025d8d145090_0, 0, 5;
    %pushi/vec4 0, 0, 1;
    %store/vec4 v0000025d8d1451d0_0, 0, 1;
    %pushi/vec4 1, 0, 1;
    %store/vec4 v0000025d8d144d70_0, 0, 1;
    %pushi/vec4 0, 0, 1;
    %store/vec4 v0000025d8d144870_0, 0, 1;
    %pushi/vec4 1, 1, 2;
    %store/vec4 v0000025d8d144370_0, 0, 2;
    %pushi/vec4 1, 0, 1;
    %store/vec4 v0000025d8d145810_0, 0, 1;
    %pushi/vec4 0, 0, 1;
    %store/vec4 v0000025d8d1458b0_0, 0, 1;
    %pushi/vec4 0, 0, 1;
    %store/vec4 v0000025d8d1459f0_0, 0, 1;
    %jmp T_10.18;
T_10.8 ;
    %pushi/vec4 0, 0, 1;
    %store/vec4 v0000025d8d144cd0_0, 0, 1;
    %pushi/vec4 0, 0, 1;
    %store/vec4 v0000025d8d1444b0_0, 0, 1;
    %pushi/vec4 1, 0, 1;
    %store/vec4 v0000025d8d145770_0, 0, 1;
    %pushi/vec4 0, 0, 1;
    %store/vec4 v0000025d8d1442d0_0, 0, 1;
    %pushi/vec4 14, 0, 5;
    %store/vec4 v0000025d8d145090_0, 0, 5;
    %pushi/vec4 0, 0, 1;
    %store/vec4 v0000025d8d1451d0_0, 0, 1;
    %pushi/vec4 1, 0, 1;
    %store/vec4 v0000025d8d144d70_0, 0, 1;
    %pushi/vec4 0, 0, 1;
    %store/vec4 v0000025d8d144870_0, 0, 1;
    %pushi/vec4 1, 1, 2;
    %store/vec4 v0000025d8d144370_0, 0, 2;
    %pushi/vec4 1, 0, 1;
    %store/vec4 v0000025d8d145810_0, 0, 1;
    %pushi/vec4 0, 0, 1;
    %store/vec4 v0000025d8d1458b0_0, 0, 1;
    %pushi/vec4 0, 0, 1;
    %store/vec4 v0000025d8d1459f0_0, 0, 1;
    %jmp T_10.18;
T_10.9 ;
    %pushi/vec4 0, 0, 1;
    %store/vec4 v0000025d8d144cd0_0, 0, 1;
    %pushi/vec4 0, 0, 1;
    %store/vec4 v0000025d8d1444b0_0, 0, 1;
    %pushi/vec4 1, 0, 1;
    %store/vec4 v0000025d8d145770_0, 0, 1;
    %pushi/vec4 0, 0, 1;
    %store/vec4 v0000025d8d1442d0_0, 0, 1;
    %pushi/vec4 6, 0, 5;
    %store/vec4 v0000025d8d145090_0, 0, 5;
    %pushi/vec4 0, 0, 1;
    %store/vec4 v0000025d8d1451d0_0, 0, 1;
    %pushi/vec4 1, 0, 1;
    %store/vec4 v0000025d8d144d70_0, 0, 1;
    %pushi/vec4 0, 0, 1;
    %store/vec4 v0000025d8d144870_0, 0, 1;
    %pushi/vec4 1, 1, 2;
    %store/vec4 v0000025d8d144370_0, 0, 2;
    %pushi/vec4 1, 0, 1;
    %store/vec4 v0000025d8d145810_0, 0, 1;
    %pushi/vec4 0, 0, 1;
    %store/vec4 v0000025d8d1458b0_0, 0, 1;
    %pushi/vec4 0, 0, 1;
    %store/vec4 v0000025d8d1459f0_0, 0, 1;
    %jmp T_10.18;
T_10.10 ;
    %pushi/vec4 0, 0, 1;
    %store/vec4 v0000025d8d144cd0_0, 0, 1;
    %pushi/vec4 0, 0, 1;
    %store/vec4 v0000025d8d1444b0_0, 0, 1;
    %pushi/vec4 1, 0, 1;
    %store/vec4 v0000025d8d145770_0, 0, 1;
    %pushi/vec4 0, 0, 1;
    %store/vec4 v0000025d8d1442d0_0, 0, 1;
    %pushi/vec4 12, 0, 5;
    %store/vec4 v0000025d8d145090_0, 0, 5;
    %pushi/vec4 0, 0, 1;
    %store/vec4 v0000025d8d1451d0_0, 0, 1;
    %pushi/vec4 1, 0, 1;
    %store/vec4 v0000025d8d144d70_0, 0, 1;
    %pushi/vec4 0, 0, 1;
    %store/vec4 v0000025d8d144870_0, 0, 1;
    %pushi/vec4 1, 1, 2;
    %store/vec4 v0000025d8d144370_0, 0, 2;
    %pushi/vec4 1, 0, 1;
    %store/vec4 v0000025d8d145810_0, 0, 1;
    %pushi/vec4 0, 0, 1;
    %store/vec4 v0000025d8d1458b0_0, 0, 1;
    %pushi/vec4 0, 0, 1;
    %store/vec4 v0000025d8d1459f0_0, 0, 1;
    %jmp T_10.18;
T_10.11 ;
    %pushi/vec4 0, 0, 1;
    %store/vec4 v0000025d8d144cd0_0, 0, 1;
    %pushi/vec4 0, 0, 1;
    %store/vec4 v0000025d8d1444b0_0, 0, 1;
    %pushi/vec4 1, 0, 1;
    %store/vec4 v0000025d8d145770_0, 0, 1;
    %pushi/vec4 0, 0, 1;
    %store/vec4 v0000025d8d1442d0_0, 0, 1;
    %pushi/vec4 13, 0, 5;
    %store/vec4 v0000025d8d145090_0, 0, 5;
    %pushi/vec4 0, 0, 1;
    %store/vec4 v0000025d8d1451d0_0, 0, 1;
    %pushi/vec4 1, 0, 1;
    %store/vec4 v0000025d8d144d70_0, 0, 1;
    %pushi/vec4 0, 0, 1;
    %store/vec4 v0000025d8d144870_0, 0, 1;
    %pushi/vec4 1, 1, 2;
    %store/vec4 v0000025d8d144370_0, 0, 2;
    %pushi/vec4 1, 0, 1;
    %store/vec4 v0000025d8d145810_0, 0, 1;
    %pushi/vec4 0, 0, 1;
    %store/vec4 v0000025d8d1458b0_0, 0, 1;
    %pushi/vec4 0, 0, 1;
    %store/vec4 v0000025d8d1459f0_0, 0, 1;
    %jmp T_10.18;
T_10.12 ;
    %pushi/vec4 0, 0, 1;
    %store/vec4 v0000025d8d144cd0_0, 0, 1;
    %pushi/vec4 0, 0, 1;
    %store/vec4 v0000025d8d1444b0_0, 0, 1;
    %pushi/vec4 1, 0, 1;
    %store/vec4 v0000025d8d145770_0, 0, 1;
    %pushi/vec4 0, 0, 1;
    %store/vec4 v0000025d8d1442d0_0, 0, 1;
    %pushi/vec4 8, 0, 5;
    %store/vec4 v0000025d8d145090_0, 0, 5;
    %pushi/vec4 0, 0, 1;
    %store/vec4 v0000025d8d1451d0_0, 0, 1;
    %pushi/vec4 1, 0, 1;
    %store/vec4 v0000025d8d144d70_0, 0, 1;
    %pushi/vec4 0, 0, 1;
    %store/vec4 v0000025d8d144870_0, 0, 1;
    %pushi/vec4 1, 1, 2;
    %store/vec4 v0000025d8d144370_0, 0, 2;
    %pushi/vec4 1, 0, 1;
    %store/vec4 v0000025d8d145810_0, 0, 1;
    %pushi/vec4 0, 0, 1;
    %store/vec4 v0000025d8d1458b0_0, 0, 1;
    %pushi/vec4 0, 0, 1;
    %store/vec4 v0000025d8d1459f0_0, 0, 1;
    %jmp T_10.18;
T_10.13 ;
    %pushi/vec4 0, 0, 1;
    %store/vec4 v0000025d8d144cd0_0, 0, 1;
    %pushi/vec4 0, 0, 1;
    %store/vec4 v0000025d8d1444b0_0, 0, 1;
    %pushi/vec4 1, 0, 1;
    %store/vec4 v0000025d8d145770_0, 0, 1;
    %pushi/vec4 0, 0, 1;
    %store/vec4 v0000025d8d1442d0_0, 0, 1;
    %pushi/vec4 9, 0, 5;
    %store/vec4 v0000025d8d145090_0, 0, 5;
    %pushi/vec4 0, 0, 1;
    %store/vec4 v0000025d8d1451d0_0, 0, 1;
    %pushi/vec4 1, 0, 1;
    %store/vec4 v0000025d8d144d70_0, 0, 1;
    %pushi/vec4 0, 0, 1;
    %store/vec4 v0000025d8d144870_0, 0, 1;
    %pushi/vec4 1, 1, 2;
    %store/vec4 v0000025d8d144370_0, 0, 2;
    %pushi/vec4 1, 0, 1;
    %store/vec4 v0000025d8d145810_0, 0, 1;
    %pushi/vec4 0, 0, 1;
    %store/vec4 v0000025d8d1458b0_0, 0, 1;
    %pushi/vec4 0, 0, 1;
    %store/vec4 v0000025d8d1459f0_0, 0, 1;
    %jmp T_10.18;
T_10.14 ;
    %pushi/vec4 0, 0, 1;
    %store/vec4 v0000025d8d144cd0_0, 0, 1;
    %pushi/vec4 0, 0, 1;
    %store/vec4 v0000025d8d1444b0_0, 0, 1;
    %pushi/vec4 1, 0, 1;
    %store/vec4 v0000025d8d145770_0, 0, 1;
    %pushi/vec4 0, 0, 1;
    %store/vec4 v0000025d8d1442d0_0, 0, 1;
    %pushi/vec4 11, 0, 5;
    %store/vec4 v0000025d8d145090_0, 0, 5;
    %pushi/vec4 0, 0, 1;
    %store/vec4 v0000025d8d1451d0_0, 0, 1;
    %pushi/vec4 1, 0, 1;
    %store/vec4 v0000025d8d144d70_0, 0, 1;
    %pushi/vec4 0, 0, 1;
    %store/vec4 v0000025d8d144870_0, 0, 1;
    %pushi/vec4 1, 1, 2;
    %store/vec4 v0000025d8d144370_0, 0, 2;
    %pushi/vec4 1, 0, 1;
    %store/vec4 v0000025d8d145810_0, 0, 1;
    %pushi/vec4 0, 0, 1;
    %store/vec4 v0000025d8d1458b0_0, 0, 1;
    %pushi/vec4 0, 0, 1;
    %store/vec4 v0000025d8d1459f0_0, 0, 1;
    %jmp T_10.18;
T_10.15 ;
    %pushi/vec4 0, 0, 1;
    %store/vec4 v0000025d8d144cd0_0, 0, 1;
    %pushi/vec4 0, 0, 1;
    %store/vec4 v0000025d8d1444b0_0, 0, 1;
    %pushi/vec4 1, 0, 1;
    %store/vec4 v0000025d8d145770_0, 0, 1;
    %pushi/vec4 0, 0, 1;
    %store/vec4 v0000025d8d1442d0_0, 0, 1;
    %pushi/vec4 15, 0, 5;
    %store/vec4 v0000025d8d145090_0, 0, 5;
    %pushi/vec4 0, 0, 1;
    %store/vec4 v0000025d8d1451d0_0, 0, 1;
    %pushi/vec4 1, 0, 1;
    %store/vec4 v0000025d8d144d70_0, 0, 1;
    %pushi/vec4 0, 0, 1;
    %store/vec4 v0000025d8d144870_0, 0, 1;
    %pushi/vec4 1, 1, 2;
    %store/vec4 v0000025d8d144370_0, 0, 2;
    %pushi/vec4 1, 0, 1;
    %store/vec4 v0000025d8d145810_0, 0, 1;
    %pushi/vec4 0, 0, 1;
    %store/vec4 v0000025d8d1458b0_0, 0, 1;
    %pushi/vec4 0, 0, 1;
    %store/vec4 v0000025d8d1459f0_0, 0, 1;
    %jmp T_10.18;
T_10.16 ;
    %pushi/vec4 0, 0, 1;
    %store/vec4 v0000025d8d144cd0_0, 0, 1;
    %pushi/vec4 0, 0, 1;
    %store/vec4 v0000025d8d1444b0_0, 0, 1;
    %pushi/vec4 1, 0, 1;
    %store/vec4 v0000025d8d145770_0, 0, 1;
    %pushi/vec4 0, 0, 1;
    %store/vec4 v0000025d8d1442d0_0, 0, 1;
    %pushi/vec4 16, 0, 5;
    %store/vec4 v0000025d8d145090_0, 0, 5;
    %pushi/vec4 0, 0, 1;
    %store/vec4 v0000025d8d1451d0_0, 0, 1;
    %pushi/vec4 1, 0, 1;
    %store/vec4 v0000025d8d144d70_0, 0, 1;
    %pushi/vec4 0, 0, 1;
    %store/vec4 v0000025d8d144870_0, 0, 1;
    %pushi/vec4 1, 1, 2;
    %store/vec4 v0000025d8d144370_0, 0, 2;
    %pushi/vec4 1, 0, 1;
    %store/vec4 v0000025d8d145810_0, 0, 1;
    %pushi/vec4 0, 0, 1;
    %store/vec4 v0000025d8d1458b0_0, 0, 1;
    %pushi/vec4 0, 0, 1;
    %store/vec4 v0000025d8d1459f0_0, 0, 1;
    %jmp T_10.18;
T_10.17 ;
    %pushi/vec4 0, 0, 1;
    %store/vec4 v0000025d8d144cd0_0, 0, 1;
    %pushi/vec4 0, 0, 1;
    %store/vec4 v0000025d8d1444b0_0, 0, 1;
    %pushi/vec4 1, 0, 1;
    %store/vec4 v0000025d8d145770_0, 0, 1;
    %pushi/vec4 0, 0, 1;
    %store/vec4 v0000025d8d1442d0_0, 0, 1;
    %pushi/vec4 18, 0, 5;
    %store/vec4 v0000025d8d145090_0, 0, 5;
    %pushi/vec4 0, 0, 1;
    %store/vec4 v0000025d8d1451d0_0, 0, 1;
    %pushi/vec4 1, 0, 1;
    %store/vec4 v0000025d8d144d70_0, 0, 1;
    %pushi/vec4 0, 0, 1;
    %store/vec4 v0000025d8d144870_0, 0, 1;
    %pushi/vec4 1, 1, 2;
    %store/vec4 v0000025d8d144370_0, 0, 2;
    %pushi/vec4 1, 0, 1;
    %store/vec4 v0000025d8d145810_0, 0, 1;
    %pushi/vec4 0, 0, 1;
    %store/vec4 v0000025d8d1458b0_0, 0, 1;
    %pushi/vec4 0, 0, 1;
    %store/vec4 v0000025d8d1459f0_0, 0, 1;
    %jmp T_10.18;
T_10.18 ;
    %pop/vec4 1;
    %jmp T_10.1;
T_10.0 ;
    %load/vec4 v0000025d8d144910_0;
    %dup/vec4;
    %pushi/vec4 8, 0, 6;
    %cmp/u;
    %jmp/1 T_10.19, 6;
    %dup/vec4;
    %pushi/vec4 9, 0, 6;
    %cmp/u;
    %jmp/1 T_10.20, 6;
    %dup/vec4;
    %pushi/vec4 13, 0, 6;
    %cmp/u;
    %jmp/1 T_10.21, 6;
    %dup/vec4;
    %pushi/vec4 4, 0, 6;
    %cmp/u;
    %jmp/1 T_10.22, 6;
    %dup/vec4;
    %pushi/vec4 35, 0, 6;
    %cmp/u;
    %jmp/1 T_10.23, 6;
    %dup/vec4;
    %pushi/vec4 43, 0, 6;
    %cmp/u;
    %jmp/1 T_10.24, 6;
    %dup/vec4;
    %pushi/vec4 10, 0, 6;
    %cmp/u;
    %jmp/1 T_10.25, 6;
    %dup/vec4;
    %pushi/vec4 1, 0, 6;
    %cmp/u;
    %jmp/1 T_10.26, 6;
    %dup/vec4;
    %pushi/vec4 15, 0, 6;
    %cmp/u;
    %jmp/1 T_10.27, 6;
    %dup/vec4;
    %pushi/vec4 2, 0, 6;
    %cmp/u;
    %jmp/1 T_10.28, 6;
    %jmp T_10.29;
T_10.19 ;
    %pushi/vec4 0, 0, 1;
    %store/vec4 v0000025d8d144cd0_0, 0, 1;
    %pushi/vec4 0, 0, 1;
    %store/vec4 v0000025d8d1444b0_0, 0, 1;
    %pushi/vec4 0, 0, 1;
    %store/vec4 v0000025d8d145770_0, 0, 1;
    %pushi/vec4 1, 0, 1;
    %store/vec4 v0000025d8d1442d0_0, 0, 1;
    %pushi/vec4 0, 0, 5;
    %store/vec4 v0000025d8d145090_0, 0, 5;
    %pushi/vec4 0, 0, 1;
    %store/vec4 v0000025d8d1451d0_0, 0, 1;
    %pushi/vec4 1, 0, 1;
    %store/vec4 v0000025d8d144d70_0, 0, 1;
    %pushi/vec4 0, 0, 1;
    %store/vec4 v0000025d8d144870_0, 0, 1;
    %pushi/vec4 1, 0, 2;
    %store/vec4 v0000025d8d144370_0, 0, 2;
    %pushi/vec4 0, 0, 1;
    %store/vec4 v0000025d8d145810_0, 0, 1;
    %pushi/vec4 0, 0, 1;
    %store/vec4 v0000025d8d1458b0_0, 0, 1;
    %pushi/vec4 0, 0, 1;
    %store/vec4 v0000025d8d1459f0_0, 0, 1;
    %jmp T_10.29;
T_10.20 ;
    %pushi/vec4 0, 0, 1;
    %store/vec4 v0000025d8d144cd0_0, 0, 1;
    %pushi/vec4 0, 0, 1;
    %store/vec4 v0000025d8d1444b0_0, 0, 1;
    %pushi/vec4 0, 0, 1;
    %store/vec4 v0000025d8d145770_0, 0, 1;
    %pushi/vec4 1, 0, 1;
    %store/vec4 v0000025d8d1442d0_0, 0, 1;
    %pushi/vec4 1, 0, 5;
    %store/vec4 v0000025d8d145090_0, 0, 5;
    %pushi/vec4 0, 0, 1;
    %store/vec4 v0000025d8d1451d0_0, 0, 1;
    %pushi/vec4 1, 0, 1;
    %store/vec4 v0000025d8d144d70_0, 0, 1;
    %pushi/vec4 0, 0, 1;
    %store/vec4 v0000025d8d144870_0, 0, 1;
    %pushi/vec4 1, 0, 2;
    %store/vec4 v0000025d8d144370_0, 0, 2;
    %pushi/vec4 0, 0, 1;
    %store/vec4 v0000025d8d145810_0, 0, 1;
    %pushi/vec4 0, 0, 1;
    %store/vec4 v0000025d8d1458b0_0, 0, 1;
    %pushi/vec4 0, 0, 1;
    %store/vec4 v0000025d8d1459f0_0, 0, 1;
    %jmp T_10.29;
T_10.21 ;
    %pushi/vec4 0, 0, 1;
    %store/vec4 v0000025d8d144cd0_0, 0, 1;
    %pushi/vec4 0, 0, 1;
    %store/vec4 v0000025d8d1444b0_0, 0, 1;
    %pushi/vec4 0, 0, 1;
    %store/vec4 v0000025d8d145770_0, 0, 1;
    %pushi/vec4 1, 0, 1;
    %store/vec4 v0000025d8d1442d0_0, 0, 1;
    %pushi/vec4 5, 0, 5;
    %store/vec4 v0000025d8d145090_0, 0, 5;
    %pushi/vec4 0, 0, 1;
    %store/vec4 v0000025d8d1451d0_0, 0, 1;
    %pushi/vec4 1, 0, 1;
    %store/vec4 v0000025d8d144d70_0, 0, 1;
    %pushi/vec4 0, 0, 1;
    %store/vec4 v0000025d8d144870_0, 0, 1;
    %pushi/vec4 0, 0, 2;
    %store/vec4 v0000025d8d144370_0, 0, 2;
    %pushi/vec4 0, 0, 1;
    %store/vec4 v0000025d8d145810_0, 0, 1;
    %pushi/vec4 0, 0, 1;
    %store/vec4 v0000025d8d1458b0_0, 0, 1;
    %pushi/vec4 0, 0, 1;
    %store/vec4 v0000025d8d1459f0_0, 0, 1;
    %jmp T_10.29;
T_10.22 ;
    %pushi/vec4 1, 0, 1;
    %store/vec4 v0000025d8d144cd0_0, 0, 1;
    %pushi/vec4 0, 0, 1;
    %store/vec4 v0000025d8d1444b0_0, 0, 1;
    %pushi/vec4 1, 1, 1;
    %store/vec4 v0000025d8d145770_0, 0, 1;
    %pushi/vec4 0, 0, 1;
    %store/vec4 v0000025d8d1442d0_0, 0, 1;
    %pushi/vec4 2, 0, 5;
    %store/vec4 v0000025d8d145090_0, 0, 5;
    %pushi/vec4 1, 1, 1;
    %store/vec4 v0000025d8d1451d0_0, 0, 1;
    %pushi/vec4 0, 0, 1;
    %store/vec4 v0000025d8d144d70_0, 0, 1;
    %pushi/vec4 0, 0, 1;
    %store/vec4 v0000025d8d144870_0, 0, 1;
    %pushi/vec4 1, 1, 2;
    %store/vec4 v0000025d8d144370_0, 0, 2;
    %pushi/vec4 0, 0, 1;
    %store/vec4 v0000025d8d145810_0, 0, 1;
    %pushi/vec4 0, 0, 1;
    %store/vec4 v0000025d8d1458b0_0, 0, 1;
    %pushi/vec4 0, 0, 1;
    %store/vec4 v0000025d8d1459f0_0, 0, 1;
    %jmp T_10.29;
T_10.23 ;
    %pushi/vec4 0, 0, 1;
    %store/vec4 v0000025d8d144cd0_0, 0, 1;
    %pushi/vec4 0, 0, 1;
    %store/vec4 v0000025d8d1444b0_0, 0, 1;
    %pushi/vec4 0, 0, 1;
    %store/vec4 v0000025d8d145770_0, 0, 1;
    %pushi/vec4 1, 0, 1;
    %store/vec4 v0000025d8d1442d0_0, 0, 1;
    %pushi/vec4 1, 0, 5;
    %store/vec4 v0000025d8d145090_0, 0, 5;
    %pushi/vec4 1, 0, 1;
    %store/vec4 v0000025d8d1451d0_0, 0, 1;
    %pushi/vec4 1, 0, 1;
    %store/vec4 v0000025d8d144d70_0, 0, 1;
    %pushi/vec4 0, 0, 1;
    %store/vec4 v0000025d8d144870_0, 0, 1;
    %pushi/vec4 1, 0, 2;
    %store/vec4 v0000025d8d144370_0, 0, 2;
    %pushi/vec4 0, 0, 1;
    %store/vec4 v0000025d8d145810_0, 0, 1;
    %pushi/vec4 0, 0, 1;
    %store/vec4 v0000025d8d1458b0_0, 0, 1;
    %pushi/vec4 0, 0, 1;
    %store/vec4 v0000025d8d1459f0_0, 0, 1;
    %jmp T_10.29;
T_10.24 ;
    %pushi/vec4 0, 0, 1;
    %store/vec4 v0000025d8d144cd0_0, 0, 1;
    %pushi/vec4 0, 0, 1;
    %store/vec4 v0000025d8d1444b0_0, 0, 1;
    %pushi/vec4 1, 1, 1;
    %store/vec4 v0000025d8d145770_0, 0, 1;
    %pushi/vec4 1, 0, 1;
    %store/vec4 v0000025d8d1442d0_0, 0, 1;
    %pushi/vec4 1, 0, 5;
    %store/vec4 v0000025d8d145090_0, 0, 5;
    %pushi/vec4 0, 0, 1;
    %store/vec4 v0000025d8d1451d0_0, 0, 1;
    %pushi/vec4 0, 0, 1;
    %store/vec4 v0000025d8d144d70_0, 0, 1;
    %pushi/vec4 1, 0, 1;
    %store/vec4 v0000025d8d144870_0, 0, 1;
    %pushi/vec4 1, 0, 2;
    %store/vec4 v0000025d8d144370_0, 0, 2;
    %pushi/vec4 0, 0, 1;
    %store/vec4 v0000025d8d145810_0, 0, 1;
    %pushi/vec4 0, 0, 1;
    %store/vec4 v0000025d8d1458b0_0, 0, 1;
    %pushi/vec4 0, 0, 1;
    %store/vec4 v0000025d8d1459f0_0, 0, 1;
    %jmp T_10.29;
T_10.25 ;
    %pushi/vec4 0, 0, 1;
    %store/vec4 v0000025d8d144cd0_0, 0, 1;
    %pushi/vec4 0, 0, 1;
    %store/vec4 v0000025d8d1444b0_0, 0, 1;
    %pushi/vec4 0, 0, 1;
    %store/vec4 v0000025d8d145770_0, 0, 1;
    %pushi/vec4 1, 0, 1;
    %store/vec4 v0000025d8d1442d0_0, 0, 1;
    %pushi/vec4 12, 0, 5;
    %store/vec4 v0000025d8d145090_0, 0, 5;
    %pushi/vec4 0, 0, 1;
    %store/vec4 v0000025d8d1451d0_0, 0, 1;
    %pushi/vec4 1, 0, 1;
    %store/vec4 v0000025d8d144d70_0, 0, 1;
    %pushi/vec4 0, 0, 1;
    %store/vec4 v0000025d8d144870_0, 0, 1;
    %pushi/vec4 1, 0, 2;
    %store/vec4 v0000025d8d144370_0, 0, 2;
    %pushi/vec4 0, 0, 1;
    %store/vec4 v0000025d8d145810_0, 0, 1;
    %pushi/vec4 0, 0, 1;
    %store/vec4 v0000025d8d1458b0_0, 0, 1;
    %pushi/vec4 0, 0, 1;
    %store/vec4 v0000025d8d1459f0_0, 0, 1;
    %jmp T_10.29;
T_10.26 ;
    %pushi/vec4 1, 0, 1;
    %store/vec4 v0000025d8d144cd0_0, 0, 1;
    %pushi/vec4 0, 0, 1;
    %store/vec4 v0000025d8d1444b0_0, 0, 1;
    %pushi/vec4 1, 1, 1;
    %store/vec4 v0000025d8d145770_0, 0, 1;
    %pushi/vec4 0, 0, 1;
    %store/vec4 v0000025d8d1442d0_0, 0, 1;
    %pushi/vec4 31, 0, 5;
    %store/vec4 v0000025d8d145090_0, 0, 5;
    %pushi/vec4 1, 1, 1;
    %store/vec4 v0000025d8d1451d0_0, 0, 1;
    %pushi/vec4 0, 0, 1;
    %store/vec4 v0000025d8d144d70_0, 0, 1;
    %pushi/vec4 0, 0, 1;
    %store/vec4 v0000025d8d144870_0, 0, 1;
    %pushi/vec4 1, 1, 2;
    %store/vec4 v0000025d8d144370_0, 0, 2;
    %pushi/vec4 0, 0, 1;
    %store/vec4 v0000025d8d145810_0, 0, 1;
    %pushi/vec4 0, 0, 1;
    %store/vec4 v0000025d8d1458b0_0, 0, 1;
    %pushi/vec4 0, 0, 1;
    %store/vec4 v0000025d8d1459f0_0, 0, 1;
    %jmp T_10.29;
T_10.27 ;
    %pushi/vec4 0, 0, 1;
    %store/vec4 v0000025d8d144cd0_0, 0, 1;
    %pushi/vec4 0, 0, 1;
    %store/vec4 v0000025d8d1444b0_0, 0, 1;
    %pushi/vec4 0, 0, 1;
    %store/vec4 v0000025d8d145770_0, 0, 1;
    %pushi/vec4 1, 0, 1;
    %store/vec4 v0000025d8d1442d0_0, 0, 1;
    %pushi/vec4 30, 0, 5;
    %store/vec4 v0000025d8d145090_0, 0, 5;
    %pushi/vec4 0, 0, 1;
    %store/vec4 v0000025d8d1451d0_0, 0, 1;
    %pushi/vec4 1, 0, 1;
    %store/vec4 v0000025d8d144d70_0, 0, 1;
    %pushi/vec4 0, 0, 1;
    %store/vec4 v0000025d8d144870_0, 0, 1;
    %pushi/vec4 2, 0, 2;
    %store/vec4 v0000025d8d144370_0, 0, 2;
    %pushi/vec4 0, 0, 1;
    %store/vec4 v0000025d8d145810_0, 0, 1;
    %pushi/vec4 0, 0, 1;
    %store/vec4 v0000025d8d1458b0_0, 0, 1;
    %pushi/vec4 0, 0, 1;
    %store/vec4 v0000025d8d1459f0_0, 0, 1;
    %jmp T_10.29;
T_10.28 ;
    %pushi/vec4 0, 0, 1;
    %store/vec4 v0000025d8d144cd0_0, 0, 1;
    %pushi/vec4 1, 0, 1;
    %store/vec4 v0000025d8d1444b0_0, 0, 1;
    %pushi/vec4 1, 1, 1;
    %store/vec4 v0000025d8d145770_0, 0, 1;
    %pushi/vec4 1, 1, 1;
    %store/vec4 v0000025d8d1442d0_0, 0, 1;
    %pushi/vec4 31, 31, 5;
    %store/vec4 v0000025d8d145090_0, 0, 5;
    %pushi/vec4 1, 1, 1;
    %store/vec4 v0000025d8d1451d0_0, 0, 1;
    %pushi/vec4 0, 0, 1;
    %store/vec4 v0000025d8d144d70_0, 0, 1;
    %pushi/vec4 0, 0, 1;
    %store/vec4 v0000025d8d144870_0, 0, 1;
    %pushi/vec4 1, 1, 2;
    %store/vec4 v0000025d8d144370_0, 0, 2;
    %pushi/vec4 0, 0, 1;
    %store/vec4 v0000025d8d145810_0, 0, 1;
    %pushi/vec4 0, 0, 1;
    %store/vec4 v0000025d8d1458b0_0, 0, 1;
    %pushi/vec4 0, 0, 1;
    %store/vec4 v0000025d8d1459f0_0, 0, 1;
    %jmp T_10.29;
T_10.29 ;
    %pop/vec4 1;
T_10.1 ;
    %jmp T_10;
    .thread T_10, $push;
# The file index is used to find the file name in the following table.
:file_names 15;
    "N/A";
    "<interactive>";
    "CPU.v";
    "./ControlUnit.v";
    "./DataPath.v";
    "./ALU.v";
    "./DataMemory.v";
    "./ExtUnit.v";
    "./IFetchUnit.v";
    "./InstrucionMemory.v";
    "./NPC.v";
    "./BranchCtrUnit.v";
    "./MUX.v";
    "./PC.v";
    "./Regfile.v";
